2019-01-25 11:33:54 WARN  JavaUtils:1308 - Unable to find required classes (javax.activation.DataHandler and javax.mail.internet.MimeMultipart). Attachment support is disabled.
2019-01-25 12:45:10 WARN  JavaUtils:1308 - Unable to find required classes (javax.activation.DataHandler and javax.mail.internet.MimeMultipart). Attachment support is disabled.
2019-02-22 18:22:46 WARN  JavaUtils:1308 - Unable to find required classes (javax.activation.DataHandler and javax.mail.internet.MimeMultipart). Attachment support is disabled.
2019-02-25 09:54:47 ERROR JRFillSubreport:775 - Fill 1: exception
net.sf.jasperreports.engine.JRException: Error executing SQL statement for : subReportImagenes
	at net.sf.jasperreports.engine.query.JRJdbcQueryExecuter.createDatasource(JRJdbcQueryExecuter.java:240)
	at net.sf.jasperreports.engine.fill.JRFillDataset.createQueryDatasource(JRFillDataset.java:1114)
	at net.sf.jasperreports.engine.fill.JRFillDataset.initDatasource(JRFillDataset.java:691)
	at net.sf.jasperreports.engine.fill.JRBaseFiller.setParameters(JRBaseFiller.java:1288)
	at net.sf.jasperreports.engine.fill.JRBaseFiller.fill(JRBaseFiller.java:907)
	at net.sf.jasperreports.engine.fill.JRBaseFiller.fill(JRBaseFiller.java:852)
	at net.sf.jasperreports.engine.fill.JRFillSubreport.fillSubreport(JRFillSubreport.java:652)
	at net.sf.jasperreports.engine.fill.JRSubreportRunnable.run(JRSubreportRunnable.java:59)
	at net.sf.jasperreports.engine.fill.AbstractThreadSubreportRunner.run(AbstractThreadSubreportRunner.java:203)
	at java.util.concurrent.ThreadPoolExecutor.runWorker(ThreadPoolExecutor.java:1145)
	at java.util.concurrent.ThreadPoolExecutor$Worker.run(ThreadPoolExecutor.java:615)
	at java.lang.Thread.run(Thread.java:745)
Caused by: com.mysql.jdbc.exceptions.jdbc4.MySQLSyntaxErrorException: Table 'db_cda.fotos' doesn't exist
	at sun.reflect.NativeConstructorAccessorImpl.newInstance0(Native Method)
	at sun.reflect.NativeConstructorAccessorImpl.newInstance(NativeConstructorAccessorImpl.java:57)
	at sun.reflect.DelegatingConstructorAccessorImpl.newInstance(DelegatingConstructorAccessorImpl.java:45)
	at java.lang.reflect.Constructor.newInstance(Constructor.java:526)
	at com.mysql.jdbc.Util.handleNewInstance(Util.java:411)
	at com.mysql.jdbc.Util.getInstance(Util.java:386)
	at com.mysql.jdbc.SQLError.createSQLException(SQLError.java:1053)
	at com.mysql.jdbc.MysqlIO.checkErrorPacket(MysqlIO.java:4120)
	at com.mysql.jdbc.MysqlIO.checkErrorPacket(MysqlIO.java:4052)
	at com.mysql.jdbc.MysqlIO.sendCommand(MysqlIO.java:2503)
	at com.mysql.jdbc.MysqlIO.sqlQueryDirect(MysqlIO.java:2664)
	at com.mysql.jdbc.ConnectionImpl.execSQL(ConnectionImpl.java:2794)
	at com.mysql.jdbc.PreparedStatement.executeInternal(PreparedStatement.java:2155)
	at com.mysql.jdbc.PreparedStatement.executeQuery(PreparedStatement.java:2322)
	at net.sf.jasperreports.engine.query.JRJdbcQueryExecuter.createDatasource(JRJdbcQueryExecuter.java:233)
	... 11 more
2019-02-25 09:57:05 ERROR JRFillSubreport:775 - Fill 1: exception
net.sf.jasperreports.engine.JRException: Error executing SQL statement for : subReportImagenes
	at net.sf.jasperreports.engine.query.JRJdbcQueryExecuter.createDatasource(JRJdbcQueryExecuter.java:240)
	at net.sf.jasperreports.engine.fill.JRFillDataset.createQueryDatasource(JRFillDataset.java:1114)
	at net.sf.jasperreports.engine.fill.JRFillDataset.initDatasource(JRFillDataset.java:691)
	at net.sf.jasperreports.engine.fill.JRBaseFiller.setParameters(JRBaseFiller.java:1288)
	at net.sf.jasperreports.engine.fill.JRBaseFiller.fill(JRBaseFiller.java:907)
	at net.sf.jasperreports.engine.fill.JRBaseFiller.fill(JRBaseFiller.java:852)
	at net.sf.jasperreports.engine.fill.JRFillSubreport.fillSubreport(JRFillSubreport.java:652)
	at net.sf.jasperreports.engine.fill.JRSubreportRunnable.run(JRSubreportRunnable.java:59)
	at net.sf.jasperreports.engine.fill.AbstractThreadSubreportRunner.run(AbstractThreadSubreportRunner.java:203)
	at java.util.concurrent.ThreadPoolExecutor.runWorker(ThreadPoolExecutor.java:1145)
	at java.util.concurrent.ThreadPoolExecutor$Worker.run(ThreadPoolExecutor.java:615)
	at java.lang.Thread.run(Thread.java:745)
Caused by: com.mysql.jdbc.exceptions.jdbc4.MySQLSyntaxErrorException: Table 'db_cda.fotos' doesn't exist
	at sun.reflect.NativeConstructorAccessorImpl.newInstance0(Native Method)
	at sun.reflect.NativeConstructorAccessorImpl.newInstance(NativeConstructorAccessorImpl.java:57)
	at sun.reflect.DelegatingConstructorAccessorImpl.newInstance(DelegatingConstructorAccessorImpl.java:45)
	at java.lang.reflect.Constructor.newInstance(Constructor.java:526)
	at com.mysql.jdbc.Util.handleNewInstance(Util.java:411)
	at com.mysql.jdbc.Util.getInstance(Util.java:386)
	at com.mysql.jdbc.SQLError.createSQLException(SQLError.java:1053)
	at com.mysql.jdbc.MysqlIO.checkErrorPacket(MysqlIO.java:4120)
	at com.mysql.jdbc.MysqlIO.checkErrorPacket(MysqlIO.java:4052)
	at com.mysql.jdbc.MysqlIO.sendCommand(MysqlIO.java:2503)
	at com.mysql.jdbc.MysqlIO.sqlQueryDirect(MysqlIO.java:2664)
	at com.mysql.jdbc.ConnectionImpl.execSQL(ConnectionImpl.java:2794)
	at com.mysql.jdbc.PreparedStatement.executeInternal(PreparedStatement.java:2155)
	at com.mysql.jdbc.PreparedStatement.executeQuery(PreparedStatement.java:2322)
	at net.sf.jasperreports.engine.query.JRJdbcQueryExecuter.createDatasource(JRJdbcQueryExecuter.java:233)
	... 11 more
2019-02-25 09:58:15 ERROR JRFillSubreport:775 - Fill 1: exception
net.sf.jasperreports.engine.JRException: Error executing SQL statement for : subReportImagenes
	at net.sf.jasperreports.engine.query.JRJdbcQueryExecuter.createDatasource(JRJdbcQueryExecuter.java:240)
	at net.sf.jasperreports.engine.fill.JRFillDataset.createQueryDatasource(JRFillDataset.java:1114)
	at net.sf.jasperreports.engine.fill.JRFillDataset.initDatasource(JRFillDataset.java:691)
	at net.sf.jasperreports.engine.fill.JRBaseFiller.setParameters(JRBaseFiller.java:1288)
	at net.sf.jasperreports.engine.fill.JRBaseFiller.fill(JRBaseFiller.java:907)
	at net.sf.jasperreports.engine.fill.JRBaseFiller.fill(JRBaseFiller.java:852)
	at net.sf.jasperreports.engine.fill.JRFillSubreport.fillSubreport(JRFillSubreport.java:652)
	at net.sf.jasperreports.engine.fill.JRSubreportRunnable.run(JRSubreportRunnable.java:59)
	at net.sf.jasperreports.engine.fill.AbstractThreadSubreportRunner.run(AbstractThreadSubreportRunner.java:203)
	at java.util.concurrent.ThreadPoolExecutor.runWorker(ThreadPoolExecutor.java:1145)
	at java.util.concurrent.ThreadPoolExecutor$Worker.run(ThreadPoolExecutor.java:615)
	at java.lang.Thread.run(Thread.java:745)
Caused by: com.mysql.jdbc.exceptions.jdbc4.MySQLSyntaxErrorException: Table 'db_cda.fotos' doesn't exist
	at sun.reflect.NativeConstructorAccessorImpl.newInstance0(Native Method)
	at sun.reflect.NativeConstructorAccessorImpl.newInstance(NativeConstructorAccessorImpl.java:57)
	at sun.reflect.DelegatingConstructorAccessorImpl.newInstance(DelegatingConstructorAccessorImpl.java:45)
	at java.lang.reflect.Constructor.newInstance(Constructor.java:526)
	at com.mysql.jdbc.Util.handleNewInstance(Util.java:411)
	at com.mysql.jdbc.Util.getInstance(Util.java:386)
	at com.mysql.jdbc.SQLError.createSQLException(SQLError.java:1053)
	at com.mysql.jdbc.MysqlIO.checkErrorPacket(MysqlIO.java:4120)
	at com.mysql.jdbc.MysqlIO.checkErrorPacket(MysqlIO.java:4052)
	at com.mysql.jdbc.MysqlIO.sendCommand(MysqlIO.java:2503)
	at com.mysql.jdbc.MysqlIO.sqlQueryDirect(MysqlIO.java:2664)
	at com.mysql.jdbc.ConnectionImpl.execSQL(ConnectionImpl.java:2794)
	at com.mysql.jdbc.PreparedStatement.executeInternal(PreparedStatement.java:2155)
	at com.mysql.jdbc.PreparedStatement.executeQuery(PreparedStatement.java:2322)
	at net.sf.jasperreports.engine.query.JRJdbcQueryExecuter.createDatasource(JRJdbcQueryExecuter.java:233)
	... 11 more
2019-03-26 13:57:56 WARN  JavaUtils:1308 - Unable to find required classes (javax.activation.DataHandler and javax.mail.internet.MimeMultipart). Attachment support is disabled.
2019-03-26 13:57:56 ERROR ClienteCi2:160 - Error al consultar el pin
javax.xml.rpc.ServiceException: java.net.MalformedURLException
	at com.soltelec.consolaentrada.ci2.DatosLocator.getdatosSoap(DatosLocator.java:53)
	at com.soltelec.consolaentrada.ci2.ClienteCi2.consultarPinPlaca(ClienteCi2.java:156)
	at com.soltelec.consolaentrada.views.PanelRevisiones.btnHojaPruebasActionPerformed(PanelRevisiones.java:2755)
	at com.soltelec.consolaentrada.views.PanelRevisiones.access$2000(PanelRevisiones.java:78)
	at com.soltelec.consolaentrada.views.PanelRevisiones$18.actionPerformed(PanelRevisiones.java:1814)
	at javax.swing.AbstractButton.fireActionPerformed(AbstractButton.java:2018)
	at javax.swing.AbstractButton$Handler.actionPerformed(AbstractButton.java:2341)
	at javax.swing.DefaultButtonModel.fireActionPerformed(DefaultButtonModel.java:402)
	at javax.swing.DefaultButtonModel.setPressed(DefaultButtonModel.java:259)
	at javax.swing.plaf.basic.BasicButtonListener.mouseReleased(BasicButtonListener.java:252)
	at org.pushingpixels.substance.internal.utils.RolloverButtonListener.mouseReleased(RolloverButtonListener.java:124)
	at java.awt.Component.processMouseEvent(Component.java:6516)
	at javax.swing.JComponent.processMouseEvent(JComponent.java:3321)
	at java.awt.Component.processEvent(Component.java:6281)
	at java.awt.Container.processEvent(Container.java:2229)
	at java.awt.Component.dispatchEventImpl(Component.java:4872)
	at java.awt.Container.dispatchEventImpl(Container.java:2287)
	at java.awt.Component.dispatchEvent(Component.java:4698)
	at java.awt.LightweightDispatcher.retargetMouseEvent(Container.java:4832)
	at java.awt.LightweightDispatcher.processMouseEvent(Container.java:4492)
	at java.awt.LightweightDispatcher.dispatchEvent(Container.java:4422)
	at java.awt.Container.dispatchEventImpl(Container.java:2273)
	at java.awt.Window.dispatchEventImpl(Window.java:2719)
	at java.awt.Component.dispatchEvent(Component.java:4698)
	at java.awt.EventQueue.dispatchEventImpl(EventQueue.java:747)
	at java.awt.EventQueue.access$300(EventQueue.java:103)
	at java.awt.EventQueue$3.run(EventQueue.java:706)
	at java.awt.EventQueue$3.run(EventQueue.java:704)
	at java.security.AccessController.doPrivileged(Native Method)
	at java.security.ProtectionDomain$1.doIntersectionPrivilege(ProtectionDomain.java:76)
	at java.security.ProtectionDomain$1.doIntersectionPrivilege(ProtectionDomain.java:87)
	at java.awt.EventQueue$4.run(EventQueue.java:720)
	at java.awt.EventQueue$4.run(EventQueue.java:718)
	at java.security.AccessController.doPrivileged(Native Method)
	at java.security.ProtectionDomain$1.doIntersectionPrivilege(ProtectionDomain.java:76)
	at java.awt.EventQueue.dispatchEvent(EventQueue.java:717)
	at java.awt.EventDispatchThread.pumpOneEventForFilters(EventDispatchThread.java:242)
	at java.awt.EventDispatchThread.pumpEventsForFilter(EventDispatchThread.java:161)
	at java.awt.EventDispatchThread.pumpEventsForHierarchy(EventDispatchThread.java:150)
	at java.awt.EventDispatchThread.pumpEvents(EventDispatchThread.java:146)
	at java.awt.EventDispatchThread.pumpEvents(EventDispatchThread.java:138)
	at java.awt.EventDispatchThread.run(EventDispatchThread.java:91)
2019-08-16 16:21:09 ERROR JRViewer:2110 - Page paint error.
net.sf.jasperreports.engine.JRRuntimeException: net.sf.jasperreports.engine.JRException: Image read failed.
	at net.sf.jasperreports.engine.export.draw.PrintDrawVisitor.visit(PrintDrawVisitor.java:143)
	at net.sf.jasperreports.engine.export.draw.PrintDrawVisitor.visit(PrintDrawVisitor.java:57)
	at net.sf.jasperreports.engine.fill.JRTemplatePrintImage.accept(JRTemplatePrintImage.java:463)
	at net.sf.jasperreports.engine.export.draw.FrameDrawer.draw(FrameDrawer.java:251)
	at net.sf.jasperreports.engine.export.draw.FrameDrawer.draw(FrameDrawer.java:199)
	at net.sf.jasperreports.engine.export.JRGraphics2DExporter.exportPage(JRGraphics2DExporter.java:273)
	at net.sf.jasperreports.engine.export.JRGraphics2DExporter.exportReportToGraphics2D(JRGraphics2DExporter.java:246)
	at net.sf.jasperreports.engine.export.JRGraphics2DExporter.exportReport(JRGraphics2DExporter.java:184)
	at net.sf.jasperreports.view.JRViewer.paintPage(JRViewer.java:2104)
	at net.sf.jasperreports.view.JRViewer$PageRenderer.paintComponent(JRViewer.java:2254)
	at javax.swing.JComponent.paint(JComponent.java:1055)
	at javax.swing.JComponent.paintChildren(JComponent.java:888)
	at javax.swing.JComponent.paint(JComponent.java:1064)
	at javax.swing.JComponent.paintChildren(JComponent.java:888)
	at javax.swing.JComponent.paint(JComponent.java:1064)
	at javax.swing.JComponent.paintChildren(JComponent.java:888)
	at javax.swing.JComponent.paint(JComponent.java:1064)
	at javax.swing.JComponent.paintChildren(JComponent.java:888)
	at javax.swing.JComponent.paint(JComponent.java:1064)
	at javax.swing.JViewport.paint(JViewport.java:731)
	at javax.swing.JComponent.paintChildren(JComponent.java:888)
	at javax.swing.JComponent.paint(JComponent.java:1064)
	at javax.swing.JComponent.paintChildren(JComponent.java:888)
	at javax.swing.JComponent.paint(JComponent.java:1064)
	at javax.swing.JComponent.paintChildren(JComponent.java:888)
	at javax.swing.JComponent.paint(JComponent.java:1064)
	at javax.swing.JComponent.paintChildren(JComponent.java:888)
	at javax.swing.JComponent.paint(JComponent.java:1064)
	at javax.swing.JLayeredPane.paint(JLayeredPane.java:585)
	at javax.swing.JComponent.paintChildren(JComponent.java:888)
	at javax.swing.JComponent.paintToOffscreen(JComponent.java:5239)
	at javax.swing.BufferStrategyPaintManager.paint(BufferStrategyPaintManager.java:295)
	at javax.swing.RepaintManager.paint(RepaintManager.java:1249)
	at javax.swing.JComponent.paint(JComponent.java:1041)
	at java.awt.GraphicsCallback$PaintCallback.run(GraphicsCallback.java:39)
	at sun.awt.SunGraphicsCallback.runOneComponent(SunGraphicsCallback.java:78)
	at sun.awt.SunGraphicsCallback.runComponents(SunGraphicsCallback.java:115)
	at java.awt.Container.paint(Container.java:1967)
	at java.awt.Window.paint(Window.java:3877)
	at javax.swing.RepaintManager$3.run(RepaintManager.java:819)
	at javax.swing.RepaintManager$3.run(RepaintManager.java:796)
	at java.security.AccessController.doPrivileged(Native Method)
	at java.security.ProtectionDomain$1.doIntersectionPrivilege(ProtectionDomain.java:76)
	at javax.swing.RepaintManager.paintDirtyRegions(RepaintManager.java:796)
	at javax.swing.RepaintManager.paintDirtyRegions(RepaintManager.java:769)
	at javax.swing.RepaintManager.prePaintDirtyRegions(RepaintManager.java:718)
	at javax.swing.RepaintManager.access$1100(RepaintManager.java:62)
	at javax.swing.RepaintManager$ProcessingRunnable.run(RepaintManager.java:1677)
	at java.awt.event.InvocationEvent.dispatch(InvocationEvent.java:312)
	at java.awt.EventQueue.dispatchEventImpl(EventQueue.java:745)
	at java.awt.EventQueue.access$300(EventQueue.java:103)
	at java.awt.EventQueue$3.run(EventQueue.java:706)
	at java.awt.EventQueue$3.run(EventQueue.java:704)
	at java.security.AccessController.doPrivileged(Native Method)
	at java.security.ProtectionDomain$1.doIntersectionPrivilege(ProtectionDomain.java:76)
	at java.awt.EventQueue.dispatchEvent(EventQueue.java:715)
	at java.awt.EventDispatchThread.pumpOneEventForFilters(EventDispatchThread.java:242)
	at java.awt.EventDispatchThread.pumpEventsForFilter(EventDispatchThread.java:161)
	at java.awt.EventDispatchThread.pumpEventsForHierarchy(EventDispatchThread.java:150)
	at java.awt.EventDispatchThread.pumpEvents(EventDispatchThread.java:146)
	at java.awt.EventDispatchThread.pumpEvents(EventDispatchThread.java:138)
	at java.awt.EventDispatchThread.run(EventDispatchThread.java:91)
Caused by: net.sf.jasperreports.engine.JRException: Image read failed.
	at net.sf.jasperreports.engine.util.JRJdk14ImageReader.readImage(JRJdk14ImageReader.java:73)
	at net.sf.jasperreports.engine.util.JRImageLoader.loadAwtImageFromBytes(JRImageLoader.java:167)
	at net.sf.jasperreports.engine.JRImageRenderer.getImage(JRImageRenderer.java:407)
	at net.sf.jasperreports.engine.JRImageRenderer.getDimension(JRImageRenderer.java:482)
	at net.sf.jasperreports.engine.RenderableUtil.getOnErrorRendererForDimension(RenderableUtil.java:264)
	at net.sf.jasperreports.engine.export.draw.ImageDrawer.draw(ImageDrawer.java:116)
	at net.sf.jasperreports.engine.export.draw.PrintDrawVisitor.visit(PrintDrawVisitor.java:134)
	... 61 more
2019-08-16 16:21:18 ERROR JRViewer:2110 - Page paint error.
net.sf.jasperreports.engine.JRRuntimeException: net.sf.jasperreports.engine.JRException: Image read failed.
	at net.sf.jasperreports.engine.export.draw.PrintDrawVisitor.visit(PrintDrawVisitor.java:143)
	at net.sf.jasperreports.engine.export.draw.PrintDrawVisitor.visit(PrintDrawVisitor.java:57)
	at net.sf.jasperreports.engine.fill.JRTemplatePrintImage.accept(JRTemplatePrintImage.java:463)
	at net.sf.jasperreports.engine.export.draw.FrameDrawer.draw(FrameDrawer.java:251)
	at net.sf.jasperreports.engine.export.draw.FrameDrawer.draw(FrameDrawer.java:199)
	at net.sf.jasperreports.engine.export.JRGraphics2DExporter.exportPage(JRGraphics2DExporter.java:273)
	at net.sf.jasperreports.engine.export.JRGraphics2DExporter.exportReportToGraphics2D(JRGraphics2DExporter.java:246)
	at net.sf.jasperreports.engine.export.JRGraphics2DExporter.exportReport(JRGraphics2DExporter.java:184)
	at net.sf.jasperreports.view.JRViewer.paintPage(JRViewer.java:2104)
	at net.sf.jasperreports.view.JRViewer$PageRenderer.paintComponent(JRViewer.java:2254)
	at javax.swing.JComponent.paint(JComponent.java:1055)
	at javax.swing.JComponent.paintChildren(JComponent.java:888)
	at javax.swing.JComponent.paint(JComponent.java:1064)
	at javax.swing.JComponent.paintChildren(JComponent.java:888)
	at javax.swing.JComponent.paint(JComponent.java:1064)
	at javax.swing.JComponent.paintChildren(JComponent.java:888)
	at javax.swing.JComponent.paint(JComponent.java:1064)
	at javax.swing.JComponent.paintChildren(JComponent.java:888)
	at javax.swing.JComponent.paint(JComponent.java:1064)
	at javax.swing.JViewport.paint(JViewport.java:731)
	at javax.swing.JComponent.paintChildren(JComponent.java:888)
	at javax.swing.JComponent.paint(JComponent.java:1064)
	at javax.swing.JComponent.paintChildren(JComponent.java:888)
	at javax.swing.JComponent.paint(JComponent.java:1064)
	at javax.swing.JComponent.paintChildren(JComponent.java:888)
	at javax.swing.JComponent.paint(JComponent.java:1064)
	at javax.swing.JComponent.paintChildren(JComponent.java:888)
	at javax.swing.JComponent.paint(JComponent.java:1064)
	at javax.swing.JLayeredPane.paint(JLayeredPane.java:585)
	at javax.swing.JComponent.paintChildren(JComponent.java:888)
	at javax.swing.JComponent.paintToOffscreen(JComponent.java:5239)
	at javax.swing.BufferStrategyPaintManager.paint(BufferStrategyPaintManager.java:295)
	at javax.swing.RepaintManager.paint(RepaintManager.java:1249)
	at javax.swing.JComponent.paint(JComponent.java:1041)
	at java.awt.GraphicsCallback$PaintCallback.run(GraphicsCallback.java:39)
	at sun.awt.SunGraphicsCallback.runOneComponent(SunGraphicsCallback.java:78)
	at sun.awt.SunGraphicsCallback.runComponents(SunGraphicsCallback.java:115)
	at java.awt.Container.paint(Container.java:1967)
	at java.awt.Window.paint(Window.java:3877)
	at javax.swing.RepaintManager$3.run(RepaintManager.java:819)
	at javax.swing.RepaintManager$3.run(RepaintManager.java:796)
	at java.security.AccessController.doPrivileged(Native Method)
	at java.security.ProtectionDomain$1.doIntersectionPrivilege(ProtectionDomain.java:76)
	at javax.swing.RepaintManager.paintDirtyRegions(RepaintManager.java:796)
	at javax.swing.RepaintManager.paintDirtyRegions(RepaintManager.java:769)
	at javax.swing.RepaintManager.prePaintDirtyRegions(RepaintManager.java:718)
	at javax.swing.RepaintManager.access$1100(RepaintManager.java:62)
	at javax.swing.RepaintManager$ProcessingRunnable.run(RepaintManager.java:1677)
	at java.awt.event.InvocationEvent.dispatch(InvocationEvent.java:312)
	at java.awt.EventQueue.dispatchEventImpl(EventQueue.java:745)
	at java.awt.EventQueue.access$300(EventQueue.java:103)
	at java.awt.EventQueue$3.run(EventQueue.java:706)
	at java.awt.EventQueue$3.run(EventQueue.java:704)
	at java.security.AccessController.doPrivileged(Native Method)
	at java.security.ProtectionDomain$1.doIntersectionPrivilege(ProtectionDomain.java:76)
	at java.awt.EventQueue.dispatchEvent(EventQueue.java:715)
	at java.awt.EventDispatchThread.pumpOneEventForFilters(EventDispatchThread.java:242)
	at java.awt.EventDispatchThread.pumpEventsForFilter(EventDispatchThread.java:161)
	at java.awt.EventDispatchThread.pumpEventsForHierarchy(EventDispatchThread.java:150)
	at java.awt.EventDispatchThread.pumpEvents(EventDispatchThread.java:146)
	at java.awt.EventDispatchThread.pumpEvents(EventDispatchThread.java:138)
	at java.awt.EventDispatchThread.run(EventDispatchThread.java:91)
Caused by: net.sf.jasperreports.engine.JRException: Image read failed.
	at net.sf.jasperreports.engine.util.JRJdk14ImageReader.readImage(JRJdk14ImageReader.java:73)
	at net.sf.jasperreports.engine.util.JRImageLoader.loadAwtImageFromBytes(JRImageLoader.java:167)
	at net.sf.jasperreports.engine.JRImageRenderer.getImage(JRImageRenderer.java:407)
	at net.sf.jasperreports.engine.JRImageRenderer.getDimension(JRImageRenderer.java:482)
	at net.sf.jasperreports.engine.RenderableUtil.getOnErrorRendererForDimension(RenderableUtil.java:264)
	at net.sf.jasperreports.engine.export.draw.ImageDrawer.draw(ImageDrawer.java:116)
	at net.sf.jasperreports.engine.export.draw.PrintDrawVisitor.visit(PrintDrawVisitor.java:134)
	... 61 more
2019-08-16 16:23:26 ERROR JRViewer:2110 - Page paint error.
net.sf.jasperreports.engine.JRRuntimeException: net.sf.jasperreports.engine.JRException: Image read failed.
	at net.sf.jasperreports.engine.export.draw.PrintDrawVisitor.visit(PrintDrawVisitor.java:143)
	at net.sf.jasperreports.engine.export.draw.PrintDrawVisitor.visit(PrintDrawVisitor.java:57)
	at net.sf.jasperreports.engine.fill.JRTemplatePrintImage.accept(JRTemplatePrintImage.java:463)
	at net.sf.jasperreports.engine.export.draw.FrameDrawer.draw(FrameDrawer.java:251)
	at net.sf.jasperreports.engine.export.draw.FrameDrawer.draw(FrameDrawer.java:199)
	at net.sf.jasperreports.engine.export.JRGraphics2DExporter.exportPage(JRGraphics2DExporter.java:273)
	at net.sf.jasperreports.engine.export.JRGraphics2DExporter.exportReportToGraphics2D(JRGraphics2DExporter.java:246)
	at net.sf.jasperreports.engine.export.JRGraphics2DExporter.exportReport(JRGraphics2DExporter.java:184)
	at net.sf.jasperreports.view.JRViewer.paintPage(JRViewer.java:2104)
	at net.sf.jasperreports.view.JRViewer$PageRenderer.paintComponent(JRViewer.java:2254)
	at javax.swing.JComponent.paint(JComponent.java:1055)
	at javax.swing.JComponent.paintChildren(JComponent.java:888)
	at javax.swing.JComponent.paint(JComponent.java:1064)
	at javax.swing.JComponent.paintChildren(JComponent.java:888)
	at javax.swing.JComponent.paint(JComponent.java:1064)
	at javax.swing.JComponent.paintChildren(JComponent.java:888)
	at javax.swing.JComponent.paint(JComponent.java:1064)
	at javax.swing.JComponent.paintChildren(JComponent.java:888)
	at javax.swing.JComponent.paint(JComponent.java:1064)
	at javax.swing.JViewport.paint(JViewport.java:731)
	at javax.swing.JComponent.paintChildren(JComponent.java:888)
	at javax.swing.JComponent.paint(JComponent.java:1064)
	at javax.swing.JComponent.paintChildren(JComponent.java:888)
	at javax.swing.JComponent.paint(JComponent.java:1064)
	at javax.swing.JComponent.paintChildren(JComponent.java:888)
	at javax.swing.JComponent.paint(JComponent.java:1064)
	at javax.swing.JComponent.paintChildren(JComponent.java:888)
	at javax.swing.JComponent.paint(JComponent.java:1064)
	at javax.swing.JLayeredPane.paint(JLayeredPane.java:585)
	at javax.swing.JComponent.paintChildren(JComponent.java:888)
	at javax.swing.JComponent.paintToOffscreen(JComponent.java:5239)
	at javax.swing.BufferStrategyPaintManager.paint(BufferStrategyPaintManager.java:295)
	at javax.swing.RepaintManager.paint(RepaintManager.java:1249)
	at javax.swing.JComponent.paint(JComponent.java:1041)
	at java.awt.GraphicsCallback$PaintCallback.run(GraphicsCallback.java:39)
	at sun.awt.SunGraphicsCallback.runOneComponent(SunGraphicsCallback.java:78)
	at sun.awt.SunGraphicsCallback.runComponents(SunGraphicsCallback.java:115)
	at java.awt.Container.paint(Container.java:1967)
	at java.awt.Window.paint(Window.java:3877)
	at javax.swing.RepaintManager$3.run(RepaintManager.java:819)
	at javax.swing.RepaintManager$3.run(RepaintManager.java:796)
	at java.security.AccessController.doPrivileged(Native Method)
	at java.security.ProtectionDomain$1.doIntersectionPrivilege(ProtectionDomain.java:76)
	at javax.swing.RepaintManager.paintDirtyRegions(RepaintManager.java:796)
	at javax.swing.RepaintManager.paintDirtyRegions(RepaintManager.java:769)
	at javax.swing.RepaintManager.prePaintDirtyRegions(RepaintManager.java:718)
	at javax.swing.RepaintManager.access$1100(RepaintManager.java:62)
	at javax.swing.RepaintManager$ProcessingRunnable.run(RepaintManager.java:1677)
	at java.awt.event.InvocationEvent.dispatch(InvocationEvent.java:312)
	at java.awt.EventQueue.dispatchEventImpl(EventQueue.java:745)
	at java.awt.EventQueue.access$300(EventQueue.java:103)
	at java.awt.EventQueue$3.run(EventQueue.java:706)
	at java.awt.EventQueue$3.run(EventQueue.java:704)
	at java.security.AccessController.doPrivileged(Native Method)
	at java.security.ProtectionDomain$1.doIntersectionPrivilege(ProtectionDomain.java:76)
	at java.awt.EventQueue.dispatchEvent(EventQueue.java:715)
	at java.awt.EventDispatchThread.pumpOneEventForFilters(EventDispatchThread.java:242)
	at java.awt.EventDispatchThread.pumpEventsForFilter(EventDispatchThread.java:161)
	at java.awt.EventDispatchThread.pumpEventsForHierarchy(EventDispatchThread.java:150)
	at java.awt.EventDispatchThread.pumpEvents(EventDispatchThread.java:146)
	at java.awt.EventDispatchThread.pumpEvents(EventDispatchThread.java:138)
	at java.awt.EventDispatchThread.run(EventDispatchThread.java:91)
Caused by: net.sf.jasperreports.engine.JRException: Image read failed.
	at net.sf.jasperreports.engine.util.JRJdk14ImageReader.readImage(JRJdk14ImageReader.java:73)
	at net.sf.jasperreports.engine.util.JRImageLoader.loadAwtImageFromBytes(JRImageLoader.java:167)
	at net.sf.jasperreports.engine.JRImageRenderer.getImage(JRImageRenderer.java:407)
	at net.sf.jasperreports.engine.JRImageRenderer.getDimension(JRImageRenderer.java:482)
	at net.sf.jasperreports.engine.RenderableUtil.getOnErrorRendererForDimension(RenderableUtil.java:264)
	at net.sf.jasperreports.engine.export.draw.ImageDrawer.draw(ImageDrawer.java:116)
	at net.sf.jasperreports.engine.export.draw.PrintDrawVisitor.visit(PrintDrawVisitor.java:134)
	... 61 more
2019-08-16 16:23:42 ERROR JRViewer:2110 - Page paint error.
net.sf.jasperreports.engine.JRRuntimeException: net.sf.jasperreports.engine.JRException: Image read failed.
	at net.sf.jasperreports.engine.export.draw.PrintDrawVisitor.visit(PrintDrawVisitor.java:143)
	at net.sf.jasperreports.engine.export.draw.PrintDrawVisitor.visit(PrintDrawVisitor.java:57)
	at net.sf.jasperreports.engine.fill.JRTemplatePrintImage.accept(JRTemplatePrintImage.java:463)
	at net.sf.jasperreports.engine.export.draw.FrameDrawer.draw(FrameDrawer.java:251)
	at net.sf.jasperreports.engine.export.draw.FrameDrawer.draw(FrameDrawer.java:199)
	at net.sf.jasperreports.engine.export.JRGraphics2DExporter.exportPage(JRGraphics2DExporter.java:273)
	at net.sf.jasperreports.engine.export.JRGraphics2DExporter.exportReportToGraphics2D(JRGraphics2DExporter.java:246)
	at net.sf.jasperreports.engine.export.JRGraphics2DExporter.exportReport(JRGraphics2DExporter.java:184)
	at net.sf.jasperreports.view.JRViewer.paintPage(JRViewer.java:2104)
	at net.sf.jasperreports.view.JRViewer$PageRenderer.paintComponent(JRViewer.java:2254)
	at javax.swing.JComponent.paint(JComponent.java:1055)
	at javax.swing.JComponent.paintChildren(JComponent.java:888)
	at javax.swing.JComponent.paint(JComponent.java:1064)
	at javax.swing.JComponent.paintChildren(JComponent.java:888)
	at javax.swing.JComponent.paint(JComponent.java:1064)
	at javax.swing.JComponent.paintChildren(JComponent.java:888)
	at javax.swing.JComponent.paint(JComponent.java:1064)
	at javax.swing.JComponent.paintChildren(JComponent.java:888)
	at javax.swing.JComponent.paint(JComponent.java:1064)
	at javax.swing.JViewport.paint(JViewport.java:731)
	at javax.swing.JComponent.paintChildren(JComponent.java:888)
	at javax.swing.JComponent.paint(JComponent.java:1064)
	at javax.swing.JComponent.paintChildren(JComponent.java:888)
	at javax.swing.JComponent.paint(JComponent.java:1064)
	at javax.swing.JComponent.paintChildren(JComponent.java:888)
	at javax.swing.JComponent.paint(JComponent.java:1064)
	at javax.swing.JComponent.paintChildren(JComponent.java:888)
	at javax.swing.JComponent.paint(JComponent.java:1064)
	at javax.swing.JLayeredPane.paint(JLayeredPane.java:585)
	at javax.swing.JComponent.paintChildren(JComponent.java:888)
	at javax.swing.JComponent.paintToOffscreen(JComponent.java:5239)
	at javax.swing.BufferStrategyPaintManager.paint(BufferStrategyPaintManager.java:295)
	at javax.swing.RepaintManager.paint(RepaintManager.java:1249)
	at javax.swing.JComponent.paint(JComponent.java:1041)
	at java.awt.GraphicsCallback$PaintCallback.run(GraphicsCallback.java:39)
	at sun.awt.SunGraphicsCallback.runOneComponent(SunGraphicsCallback.java:78)
	at sun.awt.SunGraphicsCallback.runComponents(SunGraphicsCallback.java:115)
	at java.awt.Container.paint(Container.java:1967)
	at java.awt.Window.paint(Window.java:3877)
	at javax.swing.RepaintManager$3.run(RepaintManager.java:819)
	at javax.swing.RepaintManager$3.run(RepaintManager.java:796)
	at java.security.AccessController.doPrivileged(Native Method)
	at java.security.ProtectionDomain$1.doIntersectionPrivilege(ProtectionDomain.java:76)
	at javax.swing.RepaintManager.paintDirtyRegions(RepaintManager.java:796)
	at javax.swing.RepaintManager.paintDirtyRegions(RepaintManager.java:769)
	at javax.swing.RepaintManager.prePaintDirtyRegions(RepaintManager.java:718)
	at javax.swing.RepaintManager.access$1100(RepaintManager.java:62)
	at javax.swing.RepaintManager$ProcessingRunnable.run(RepaintManager.java:1677)
	at java.awt.event.InvocationEvent.dispatch(InvocationEvent.java:312)
	at java.awt.EventQueue.dispatchEventImpl(EventQueue.java:745)
	at java.awt.EventQueue.access$300(EventQueue.java:103)
	at java.awt.EventQueue$3.run(EventQueue.java:706)
	at java.awt.EventQueue$3.run(EventQueue.java:704)
	at java.security.AccessController.doPrivileged(Native Method)
	at java.security.ProtectionDomain$1.doIntersectionPrivilege(ProtectionDomain.java:76)
	at java.awt.EventQueue.dispatchEvent(EventQueue.java:715)
	at java.awt.EventDispatchThread.pumpOneEventForFilters(EventDispatchThread.java:242)
	at java.awt.EventDispatchThread.pumpEventsForFilter(EventDispatchThread.java:161)
	at java.awt.EventDispatchThread.pumpEventsForHierarchy(EventDispatchThread.java:150)
	at java.awt.EventDispatchThread.pumpEvents(EventDispatchThread.java:146)
	at java.awt.EventDispatchThread.pumpEvents(EventDispatchThread.java:138)
	at java.awt.EventDispatchThread.run(EventDispatchThread.java:91)
Caused by: net.sf.jasperreports.engine.JRException: Image read failed.
	at net.sf.jasperreports.engine.util.JRJdk14ImageReader.readImage(JRJdk14ImageReader.java:73)
	at net.sf.jasperreports.engine.util.JRImageLoader.loadAwtImageFromBytes(JRImageLoader.java:167)
	at net.sf.jasperreports.engine.JRImageRenderer.getImage(JRImageRenderer.java:407)
	at net.sf.jasperreports.engine.JRImageRenderer.getDimension(JRImageRenderer.java:482)
	at net.sf.jasperreports.engine.RenderableUtil.getOnErrorRendererForDimension(RenderableUtil.java:264)
	at net.sf.jasperreports.engine.export.draw.ImageDrawer.draw(ImageDrawer.java:116)
	at net.sf.jasperreports.engine.export.draw.PrintDrawVisitor.visit(PrintDrawVisitor.java:134)
	... 61 more
2019-09-09 15:50:22 ERROR JRViewer:2110 - Page paint error.
net.sf.jasperreports.engine.JRRuntimeException: net.sf.jasperreports.engine.JRException: Image read failed.
	at net.sf.jasperreports.engine.export.draw.PrintDrawVisitor.visit(PrintDrawVisitor.java:143)
	at net.sf.jasperreports.engine.export.draw.PrintDrawVisitor.visit(PrintDrawVisitor.java:57)
	at net.sf.jasperreports.engine.fill.JRTemplatePrintImage.accept(JRTemplatePrintImage.java:463)
	at net.sf.jasperreports.engine.export.draw.FrameDrawer.draw(FrameDrawer.java:251)
	at net.sf.jasperreports.engine.export.draw.FrameDrawer.draw(FrameDrawer.java:199)
	at net.sf.jasperreports.engine.export.JRGraphics2DExporter.exportPage(JRGraphics2DExporter.java:273)
	at net.sf.jasperreports.engine.export.JRGraphics2DExporter.exportReportToGraphics2D(JRGraphics2DExporter.java:246)
	at net.sf.jasperreports.engine.export.JRGraphics2DExporter.exportReport(JRGraphics2DExporter.java:184)
	at net.sf.jasperreports.view.JRViewer.paintPage(JRViewer.java:2104)
	at net.sf.jasperreports.view.JRViewer$PageRenderer.paintComponent(JRViewer.java:2254)
	at javax.swing.JComponent.paint(JComponent.java:1055)
	at javax.swing.JComponent.paintChildren(JComponent.java:888)
	at javax.swing.JComponent.paint(JComponent.java:1064)
	at javax.swing.JComponent.paintChildren(JComponent.java:888)
	at javax.swing.JComponent.paint(JComponent.java:1064)
	at javax.swing.JComponent.paintChildren(JComponent.java:888)
	at javax.swing.JComponent.paint(JComponent.java:1064)
	at javax.swing.JComponent.paintChildren(JComponent.java:888)
	at javax.swing.JComponent.paint(JComponent.java:1064)
	at javax.swing.JViewport.paint(JViewport.java:731)
	at javax.swing.JComponent.paintChildren(JComponent.java:888)
	at javax.swing.JComponent.paint(JComponent.java:1064)
	at javax.swing.JComponent.paintChildren(JComponent.java:888)
	at javax.swing.JComponent.paint(JComponent.java:1064)
	at javax.swing.JComponent.paintChildren(JComponent.java:888)
	at javax.swing.JComponent.paint(JComponent.java:1064)
	at javax.swing.JComponent.paintChildren(JComponent.java:888)
	at javax.swing.JComponent.paint(JComponent.java:1064)
	at javax.swing.JLayeredPane.paint(JLayeredPane.java:585)
	at javax.swing.JComponent.paintChildren(JComponent.java:888)
	at javax.swing.JComponent.paintToOffscreen(JComponent.java:5239)
	at javax.swing.RepaintManager$PaintManager.paintDoubleBuffered(RepaintManager.java:1529)
	at javax.swing.RepaintManager$PaintManager.paint(RepaintManager.java:1452)
	at javax.swing.RepaintManager.paint(RepaintManager.java:1249)
	at javax.swing.JComponent.paint(JComponent.java:1041)
	at java.awt.GraphicsCallback$PaintCallback.run(GraphicsCallback.java:39)
	at sun.awt.SunGraphicsCallback.runOneComponent(SunGraphicsCallback.java:78)
	at sun.awt.SunGraphicsCallback.runComponents(SunGraphicsCallback.java:115)
	at java.awt.Container.paint(Container.java:1967)
	at java.awt.Window.paint(Window.java:3877)
	at javax.swing.RepaintManager$3.run(RepaintManager.java:819)
	at javax.swing.RepaintManager$3.run(RepaintManager.java:796)
	at java.security.AccessController.doPrivileged(Native Method)
	at java.security.ProtectionDomain$1.doIntersectionPrivilege(ProtectionDomain.java:76)
	at javax.swing.RepaintManager.paintDirtyRegions(RepaintManager.java:796)
	at javax.swing.RepaintManager.paintDirtyRegions(RepaintManager.java:769)
	at javax.swing.RepaintManager.prePaintDirtyRegions(RepaintManager.java:718)
	at javax.swing.RepaintManager.access$1100(RepaintManager.java:62)
	at javax.swing.RepaintManager$ProcessingRunnable.run(RepaintManager.java:1677)
	at java.awt.event.InvocationEvent.dispatch(InvocationEvent.java:312)
	at java.awt.EventQueue.dispatchEventImpl(EventQueue.java:745)
	at java.awt.EventQueue.access$300(EventQueue.java:103)
	at java.awt.EventQueue$3.run(EventQueue.java:706)
	at java.awt.EventQueue$3.run(EventQueue.java:704)
	at java.security.AccessController.doPrivileged(Native Method)
	at java.security.ProtectionDomain$1.doIntersectionPrivilege(ProtectionDomain.java:76)
	at java.awt.EventQueue.dispatchEvent(EventQueue.java:715)
	at java.awt.EventDispatchThread.pumpOneEventForFilters(EventDispatchThread.java:242)
	at java.awt.EventDispatchThread.pumpEventsForFilter(EventDispatchThread.java:161)
	at java.awt.EventDispatchThread.pumpEventsForHierarchy(EventDispatchThread.java:150)
	at java.awt.EventDispatchThread.pumpEvents(EventDispatchThread.java:146)
	at java.awt.EventDispatchThread.pumpEvents(EventDispatchThread.java:138)
	at java.awt.EventDispatchThread.run(EventDispatchThread.java:91)
Caused by: net.sf.jasperreports.engine.JRException: Image read failed.
	at net.sf.jasperreports.engine.util.JRJdk14ImageReader.readImage(JRJdk14ImageReader.java:73)
	at net.sf.jasperreports.engine.util.JRImageLoader.loadAwtImageFromBytes(JRImageLoader.java:167)
	at net.sf.jasperreports.engine.JRImageRenderer.getImage(JRImageRenderer.java:407)
	at net.sf.jasperreports.engine.JRImageRenderer.getDimension(JRImageRenderer.java:482)
	at net.sf.jasperreports.engine.RenderableUtil.getOnErrorRendererForDimension(RenderableUtil.java:264)
	at net.sf.jasperreports.engine.export.draw.ImageDrawer.draw(ImageDrawer.java:116)
	at net.sf.jasperreports.engine.export.draw.PrintDrawVisitor.visit(PrintDrawVisitor.java:134)
	... 62 more
2019-09-09 15:54:36 ERROR JRViewer:2110 - Page paint error.
net.sf.jasperreports.engine.JRRuntimeException: net.sf.jasperreports.engine.JRException: Image read failed.
	at net.sf.jasperreports.engine.export.draw.PrintDrawVisitor.visit(PrintDrawVisitor.java:143)
	at net.sf.jasperreports.engine.export.draw.PrintDrawVisitor.visit(PrintDrawVisitor.java:57)
	at net.sf.jasperreports.engine.fill.JRTemplatePrintImage.accept(JRTemplatePrintImage.java:463)
	at net.sf.jasperreports.engine.export.draw.FrameDrawer.draw(FrameDrawer.java:251)
	at net.sf.jasperreports.engine.export.draw.FrameDrawer.draw(FrameDrawer.java:199)
	at net.sf.jasperreports.engine.export.JRGraphics2DExporter.exportPage(JRGraphics2DExporter.java:273)
	at net.sf.jasperreports.engine.export.JRGraphics2DExporter.exportReportToGraphics2D(JRGraphics2DExporter.java:246)
	at net.sf.jasperreports.engine.export.JRGraphics2DExporter.exportReport(JRGraphics2DExporter.java:184)
	at net.sf.jasperreports.view.JRViewer.paintPage(JRViewer.java:2104)
	at net.sf.jasperreports.view.JRViewer$PageRenderer.paintComponent(JRViewer.java:2254)
	at javax.swing.JComponent.paint(JComponent.java:1055)
	at javax.swing.JComponent.paintChildren(JComponent.java:888)
	at javax.swing.JComponent.paint(JComponent.java:1064)
	at javax.swing.JComponent.paintChildren(JComponent.java:888)
	at javax.swing.JComponent.paint(JComponent.java:1064)
	at javax.swing.JComponent.paintChildren(JComponent.java:888)
	at javax.swing.JComponent.paint(JComponent.java:1064)
	at javax.swing.JComponent.paintChildren(JComponent.java:888)
	at javax.swing.JComponent.paint(JComponent.java:1064)
	at javax.swing.JViewport.paint(JViewport.java:731)
	at javax.swing.JComponent.paintChildren(JComponent.java:888)
	at javax.swing.JComponent.paint(JComponent.java:1064)
	at javax.swing.JComponent.paintChildren(JComponent.java:888)
	at javax.swing.JComponent.paint(JComponent.java:1064)
	at javax.swing.JComponent.paintChildren(JComponent.java:888)
	at javax.swing.JComponent.paint(JComponent.java:1064)
	at javax.swing.JComponent.paintChildren(JComponent.java:888)
	at javax.swing.JComponent.paint(JComponent.java:1064)
	at javax.swing.JLayeredPane.paint(JLayeredPane.java:585)
	at javax.swing.JComponent.paintChildren(JComponent.java:888)
	at javax.swing.JComponent.paintToOffscreen(JComponent.java:5239)
	at javax.swing.RepaintManager$PaintManager.paintDoubleBuffered(RepaintManager.java:1529)
	at javax.swing.RepaintManager$PaintManager.paint(RepaintManager.java:1452)
	at javax.swing.RepaintManager.paint(RepaintManager.java:1249)
	at javax.swing.JComponent.paint(JComponent.java:1041)
	at java.awt.GraphicsCallback$PaintCallback.run(GraphicsCallback.java:39)
	at sun.awt.SunGraphicsCallback.runOneComponent(SunGraphicsCallback.java:78)
	at sun.awt.SunGraphicsCallback.runComponents(SunGraphicsCallback.java:115)
	at java.awt.Container.paint(Container.java:1967)
	at java.awt.Window.paint(Window.java:3877)
	at javax.swing.RepaintManager$3.run(RepaintManager.java:819)
	at javax.swing.RepaintManager$3.run(RepaintManager.java:796)
	at java.security.AccessController.doPrivileged(Native Method)
	at java.security.ProtectionDomain$1.doIntersectionPrivilege(ProtectionDomain.java:76)
	at javax.swing.RepaintManager.paintDirtyRegions(RepaintManager.java:796)
	at javax.swing.RepaintManager.paintDirtyRegions(RepaintManager.java:769)
	at javax.swing.RepaintManager.prePaintDirtyRegions(RepaintManager.java:718)
	at javax.swing.RepaintManager.access$1100(RepaintManager.java:62)
	at javax.swing.RepaintManager$ProcessingRunnable.run(RepaintManager.java:1677)
	at java.awt.event.InvocationEvent.dispatch(InvocationEvent.java:312)
	at java.awt.EventQueue.dispatchEventImpl(EventQueue.java:745)
	at java.awt.EventQueue.access$300(EventQueue.java:103)
	at java.awt.EventQueue$3.run(EventQueue.java:706)
	at java.awt.EventQueue$3.run(EventQueue.java:704)
	at java.security.AccessController.doPrivileged(Native Method)
	at java.security.ProtectionDomain$1.doIntersectionPrivilege(ProtectionDomain.java:76)
	at java.awt.EventQueue.dispatchEvent(EventQueue.java:715)
	at java.awt.EventDispatchThread.pumpOneEventForFilters(EventDispatchThread.java:242)
	at java.awt.EventDispatchThread.pumpEventsForFilter(EventDispatchThread.java:161)
	at java.awt.EventDispatchThread.pumpEventsForHierarchy(EventDispatchThread.java:150)
	at java.awt.EventDispatchThread.pumpEvents(EventDispatchThread.java:146)
	at java.awt.EventDispatchThread.pumpEvents(EventDispatchThread.java:138)
	at java.awt.EventDispatchThread.run(EventDispatchThread.java:91)
Caused by: net.sf.jasperreports.engine.JRException: Image read failed.
	at net.sf.jasperreports.engine.util.JRJdk14ImageReader.readImage(JRJdk14ImageReader.java:73)
	at net.sf.jasperreports.engine.util.JRImageLoader.loadAwtImageFromBytes(JRImageLoader.java:167)
	at net.sf.jasperreports.engine.JRImageRenderer.getImage(JRImageRenderer.java:407)
	at net.sf.jasperreports.engine.JRImageRenderer.getDimension(JRImageRenderer.java:482)
	at net.sf.jasperreports.engine.RenderableUtil.getOnErrorRendererForDimension(RenderableUtil.java:264)
	at net.sf.jasperreports.engine.export.draw.ImageDrawer.draw(ImageDrawer.java:116)
	at net.sf.jasperreports.engine.export.draw.PrintDrawVisitor.visit(PrintDrawVisitor.java:134)
	... 62 more
2019-09-09 16:55:57 ERROR JRViewer:2110 - Page paint error.
net.sf.jasperreports.engine.JRRuntimeException: net.sf.jasperreports.engine.JRException: Image read failed.
	at net.sf.jasperreports.engine.export.draw.PrintDrawVisitor.visit(PrintDrawVisitor.java:143)
	at net.sf.jasperreports.engine.export.draw.PrintDrawVisitor.visit(PrintDrawVisitor.java:57)
	at net.sf.jasperreports.engine.fill.JRTemplatePrintImage.accept(JRTemplatePrintImage.java:463)
	at net.sf.jasperreports.engine.export.draw.FrameDrawer.draw(FrameDrawer.java:251)
	at net.sf.jasperreports.engine.export.draw.FrameDrawer.draw(FrameDrawer.java:199)
	at net.sf.jasperreports.engine.export.JRGraphics2DExporter.exportPage(JRGraphics2DExporter.java:273)
	at net.sf.jasperreports.engine.export.JRGraphics2DExporter.exportReportToGraphics2D(JRGraphics2DExporter.java:246)
	at net.sf.jasperreports.engine.export.JRGraphics2DExporter.exportReport(JRGraphics2DExporter.java:184)
	at net.sf.jasperreports.view.JRViewer.paintPage(JRViewer.java:2104)
	at net.sf.jasperreports.view.JRViewer$PageRenderer.paintComponent(JRViewer.java:2254)
	at javax.swing.JComponent.paint(JComponent.java:1055)
	at javax.swing.JComponent.paintChildren(JComponent.java:888)
	at javax.swing.JComponent.paint(JComponent.java:1064)
	at javax.swing.JComponent.paintChildren(JComponent.java:888)
	at javax.swing.JComponent.paint(JComponent.java:1064)
	at javax.swing.JComponent.paintChildren(JComponent.java:888)
	at javax.swing.JComponent.paint(JComponent.java:1064)
	at javax.swing.JComponent.paintChildren(JComponent.java:888)
	at javax.swing.JComponent.paint(JComponent.java:1064)
	at javax.swing.JViewport.paint(JViewport.java:731)
	at javax.swing.JComponent.paintChildren(JComponent.java:888)
	at javax.swing.JComponent.paint(JComponent.java:1064)
	at javax.swing.JComponent.paintChildren(JComponent.java:888)
	at javax.swing.JComponent.paint(JComponent.java:1064)
	at javax.swing.JComponent.paintChildren(JComponent.java:888)
	at javax.swing.JComponent.paint(JComponent.java:1064)
	at javax.swing.JComponent.paintChildren(JComponent.java:888)
	at javax.swing.JComponent.paint(JComponent.java:1064)
	at javax.swing.JLayeredPane.paint(JLayeredPane.java:585)
	at javax.swing.JComponent.paintChildren(JComponent.java:888)
	at javax.swing.JComponent.paintToOffscreen(JComponent.java:5239)
	at javax.swing.RepaintManager$PaintManager.paintDoubleBuffered(RepaintManager.java:1529)
	at javax.swing.RepaintManager$PaintManager.paint(RepaintManager.java:1452)
	at javax.swing.RepaintManager.paint(RepaintManager.java:1249)
	at javax.swing.JComponent.paint(JComponent.java:1041)
	at java.awt.GraphicsCallback$PaintCallback.run(GraphicsCallback.java:39)
	at sun.awt.SunGraphicsCallback.runOneComponent(SunGraphicsCallback.java:78)
	at sun.awt.SunGraphicsCallback.runComponents(SunGraphicsCallback.java:115)
	at java.awt.Container.paint(Container.java:1967)
	at java.awt.Window.paint(Window.java:3877)
	at javax.swing.RepaintManager$3.run(RepaintManager.java:819)
	at javax.swing.RepaintManager$3.run(RepaintManager.java:796)
	at java.security.AccessController.doPrivileged(Native Method)
	at java.security.ProtectionDomain$1.doIntersectionPrivilege(ProtectionDomain.java:76)
	at javax.swing.RepaintManager.paintDirtyRegions(RepaintManager.java:796)
	at javax.swing.RepaintManager.paintDirtyRegions(RepaintManager.java:769)
	at javax.swing.RepaintManager.prePaintDirtyRegions(RepaintManager.java:718)
	at javax.swing.RepaintManager.access$1100(RepaintManager.java:62)
	at javax.swing.RepaintManager$ProcessingRunnable.run(RepaintManager.java:1677)
	at java.awt.event.InvocationEvent.dispatch(InvocationEvent.java:312)
	at java.awt.EventQueue.dispatchEventImpl(EventQueue.java:745)
	at java.awt.EventQueue.access$300(EventQueue.java:103)
	at java.awt.EventQueue$3.run(EventQueue.java:706)
	at java.awt.EventQueue$3.run(EventQueue.java:704)
	at java.security.AccessController.doPrivileged(Native Method)
	at java.security.ProtectionDomain$1.doIntersectionPrivilege(ProtectionDomain.java:76)
	at java.awt.EventQueue.dispatchEvent(EventQueue.java:715)
	at java.awt.EventDispatchThread.pumpOneEventForFilters(EventDispatchThread.java:242)
	at java.awt.EventDispatchThread.pumpEventsForFilter(EventDispatchThread.java:161)
	at java.awt.EventDispatchThread.pumpEventsForHierarchy(EventDispatchThread.java:150)
	at java.awt.EventDispatchThread.pumpEvents(EventDispatchThread.java:146)
	at java.awt.EventDispatchThread.pumpEvents(EventDispatchThread.java:138)
	at java.awt.EventDispatchThread.run(EventDispatchThread.java:91)
Caused by: net.sf.jasperreports.engine.JRException: Image read failed.
	at net.sf.jasperreports.engine.util.JRJdk14ImageReader.readImage(JRJdk14ImageReader.java:73)
	at net.sf.jasperreports.engine.util.JRImageLoader.loadAwtImageFromBytes(JRImageLoader.java:167)
	at net.sf.jasperreports.engine.JRImageRenderer.getImage(JRImageRenderer.java:407)
	at net.sf.jasperreports.engine.JRImageRenderer.getDimension(JRImageRenderer.java:482)
	at net.sf.jasperreports.engine.RenderableUtil.getOnErrorRendererForDimension(RenderableUtil.java:264)
	at net.sf.jasperreports.engine.export.draw.ImageDrawer.draw(ImageDrawer.java:116)
	at net.sf.jasperreports.engine.export.draw.PrintDrawVisitor.visit(PrintDrawVisitor.java:134)
	... 62 more
2019-09-09 18:42:39 ERROR JRViewer:2110 - Page paint error.
net.sf.jasperreports.engine.JRRuntimeException: net.sf.jasperreports.engine.JRException: Image read failed.
	at net.sf.jasperreports.engine.export.draw.PrintDrawVisitor.visit(PrintDrawVisitor.java:143)
	at net.sf.jasperreports.engine.export.draw.PrintDrawVisitor.visit(PrintDrawVisitor.java:57)
	at net.sf.jasperreports.engine.fill.JRTemplatePrintImage.accept(JRTemplatePrintImage.java:463)
	at net.sf.jasperreports.engine.export.draw.FrameDrawer.draw(FrameDrawer.java:251)
	at net.sf.jasperreports.engine.export.draw.FrameDrawer.draw(FrameDrawer.java:199)
	at net.sf.jasperreports.engine.export.JRGraphics2DExporter.exportPage(JRGraphics2DExporter.java:273)
	at net.sf.jasperreports.engine.export.JRGraphics2DExporter.exportReportToGraphics2D(JRGraphics2DExporter.java:246)
	at net.sf.jasperreports.engine.export.JRGraphics2DExporter.exportReport(JRGraphics2DExporter.java:184)
	at net.sf.jasperreports.view.JRViewer.paintPage(JRViewer.java:2104)
	at net.sf.jasperreports.view.JRViewer$PageRenderer.paintComponent(JRViewer.java:2254)
	at javax.swing.JComponent.paint(JComponent.java:1055)
	at javax.swing.JComponent.paintChildren(JComponent.java:888)
	at javax.swing.JComponent.paint(JComponent.java:1064)
	at javax.swing.JComponent.paintChildren(JComponent.java:888)
	at javax.swing.JComponent.paint(JComponent.java:1064)
	at javax.swing.JComponent.paintChildren(JComponent.java:888)
	at javax.swing.JComponent.paint(JComponent.java:1064)
	at javax.swing.JComponent.paintChildren(JComponent.java:888)
	at javax.swing.JComponent.paint(JComponent.java:1064)
	at javax.swing.JViewport.paint(JViewport.java:731)
	at javax.swing.JComponent.paintChildren(JComponent.java:888)
	at javax.swing.JComponent.paint(JComponent.java:1064)
	at javax.swing.JComponent.paintChildren(JComponent.java:888)
	at javax.swing.JComponent.paint(JComponent.java:1064)
	at javax.swing.JComponent.paintChildren(JComponent.java:888)
	at javax.swing.JComponent.paint(JComponent.java:1064)
	at javax.swing.JComponent.paintChildren(JComponent.java:888)
	at javax.swing.JComponent.paint(JComponent.java:1064)
	at javax.swing.JLayeredPane.paint(JLayeredPane.java:585)
	at javax.swing.JComponent.paintChildren(JComponent.java:888)
	at javax.swing.JComponent.paintToOffscreen(JComponent.java:5239)
	at javax.swing.RepaintManager$PaintManager.paintDoubleBuffered(RepaintManager.java:1529)
	at javax.swing.RepaintManager$PaintManager.paint(RepaintManager.java:1452)
	at javax.swing.RepaintManager.paint(RepaintManager.java:1249)
	at javax.swing.JComponent.paint(JComponent.java:1041)
	at java.awt.GraphicsCallback$PaintCallback.run(GraphicsCallback.java:39)
	at sun.awt.SunGraphicsCallback.runOneComponent(SunGraphicsCallback.java:78)
	at sun.awt.SunGraphicsCallback.runComponents(SunGraphicsCallback.java:115)
	at java.awt.Container.paint(Container.java:1967)
	at java.awt.Window.paint(Window.java:3877)
	at javax.swing.RepaintManager$3.run(RepaintManager.java:819)
	at javax.swing.RepaintManager$3.run(RepaintManager.java:796)
	at java.security.AccessController.doPrivileged(Native Method)
	at java.security.ProtectionDomain$1.doIntersectionPrivilege(ProtectionDomain.java:76)
	at javax.swing.RepaintManager.paintDirtyRegions(RepaintManager.java:796)
	at javax.swing.RepaintManager.paintDirtyRegions(RepaintManager.java:769)
	at javax.swing.RepaintManager.prePaintDirtyRegions(RepaintManager.java:718)
	at javax.swing.RepaintManager.access$1100(RepaintManager.java:62)
	at javax.swing.RepaintManager$ProcessingRunnable.run(RepaintManager.java:1677)
	at java.awt.event.InvocationEvent.dispatch(InvocationEvent.java:312)
	at java.awt.EventQueue.dispatchEventImpl(EventQueue.java:745)
	at java.awt.EventQueue.access$300(EventQueue.java:103)
	at java.awt.EventQueue$3.run(EventQueue.java:706)
	at java.awt.EventQueue$3.run(EventQueue.java:704)
	at java.security.AccessController.doPrivileged(Native Method)
	at java.security.ProtectionDomain$1.doIntersectionPrivilege(ProtectionDomain.java:76)
	at java.awt.EventQueue.dispatchEvent(EventQueue.java:715)
	at java.awt.EventDispatchThread.pumpOneEventForFilters(EventDispatchThread.java:242)
	at java.awt.EventDispatchThread.pumpEventsForFilter(EventDispatchThread.java:161)
	at java.awt.EventDispatchThread.pumpEventsForHierarchy(EventDispatchThread.java:150)
	at java.awt.EventDispatchThread.pumpEvents(EventDispatchThread.java:146)
	at java.awt.EventDispatchThread.pumpEvents(EventDispatchThread.java:138)
	at java.awt.EventDispatchThread.run(EventDispatchThread.java:91)
Caused by: net.sf.jasperreports.engine.JRException: Image read failed.
	at net.sf.jasperreports.engine.util.JRJdk14ImageReader.readImage(JRJdk14ImageReader.java:73)
	at net.sf.jasperreports.engine.util.JRImageLoader.loadAwtImageFromBytes(JRImageLoader.java:167)
	at net.sf.jasperreports.engine.JRImageRenderer.getImage(JRImageRenderer.java:407)
	at net.sf.jasperreports.engine.JRImageRenderer.getDimension(JRImageRenderer.java:482)
	at net.sf.jasperreports.engine.RenderableUtil.getOnErrorRendererForDimension(RenderableUtil.java:264)
	at net.sf.jasperreports.engine.export.draw.ImageDrawer.draw(ImageDrawer.java:116)
	at net.sf.jasperreports.engine.export.draw.PrintDrawVisitor.visit(PrintDrawVisitor.java:134)
	... 62 more
2019-09-09 18:54:00 ERROR JRViewer:2110 - Page paint error.
net.sf.jasperreports.engine.JRRuntimeException: net.sf.jasperreports.engine.JRException: Image read failed.
	at net.sf.jasperreports.engine.export.draw.PrintDrawVisitor.visit(PrintDrawVisitor.java:143)
	at net.sf.jasperreports.engine.export.draw.PrintDrawVisitor.visit(PrintDrawVisitor.java:57)
	at net.sf.jasperreports.engine.fill.JRTemplatePrintImage.accept(JRTemplatePrintImage.java:463)
	at net.sf.jasperreports.engine.export.draw.FrameDrawer.draw(FrameDrawer.java:251)
	at net.sf.jasperreports.engine.export.draw.FrameDrawer.draw(FrameDrawer.java:199)
	at net.sf.jasperreports.engine.export.JRGraphics2DExporter.exportPage(JRGraphics2DExporter.java:273)
	at net.sf.jasperreports.engine.export.JRGraphics2DExporter.exportReportToGraphics2D(JRGraphics2DExporter.java:246)
	at net.sf.jasperreports.engine.export.JRGraphics2DExporter.exportReport(JRGraphics2DExporter.java:184)
	at net.sf.jasperreports.view.JRViewer.paintPage(JRViewer.java:2104)
	at net.sf.jasperreports.view.JRViewer$PageRenderer.paintComponent(JRViewer.java:2254)
	at javax.swing.JComponent.paint(JComponent.java:1055)
	at javax.swing.JComponent.paintChildren(JComponent.java:888)
	at javax.swing.JComponent.paint(JComponent.java:1064)
	at javax.swing.JComponent.paintChildren(JComponent.java:888)
	at javax.swing.JComponent.paint(JComponent.java:1064)
	at javax.swing.JComponent.paintChildren(JComponent.java:888)
	at javax.swing.JComponent.paint(JComponent.java:1064)
	at javax.swing.JComponent.paintChildren(JComponent.java:888)
	at javax.swing.JComponent.paint(JComponent.java:1064)
	at javax.swing.JViewport.paint(JViewport.java:731)
	at javax.swing.JComponent.paintChildren(JComponent.java:888)
	at javax.swing.JComponent.paint(JComponent.java:1064)
	at javax.swing.JComponent.paintChildren(JComponent.java:888)
	at javax.swing.JComponent.paint(JComponent.java:1064)
	at javax.swing.JComponent.paintChildren(JComponent.java:888)
	at javax.swing.JComponent.paint(JComponent.java:1064)
	at javax.swing.JComponent.paintChildren(JComponent.java:888)
	at javax.swing.JComponent.paint(JComponent.java:1064)
	at javax.swing.JLayeredPane.paint(JLayeredPane.java:585)
	at javax.swing.JComponent.paintChildren(JComponent.java:888)
	at javax.swing.JComponent.paintToOffscreen(JComponent.java:5239)
	at javax.swing.RepaintManager$PaintManager.paintDoubleBuffered(RepaintManager.java:1529)
	at javax.swing.RepaintManager$PaintManager.paint(RepaintManager.java:1452)
	at javax.swing.RepaintManager.paint(RepaintManager.java:1249)
	at javax.swing.JComponent.paint(JComponent.java:1041)
	at java.awt.GraphicsCallback$PaintCallback.run(GraphicsCallback.java:39)
	at sun.awt.SunGraphicsCallback.runOneComponent(SunGraphicsCallback.java:78)
	at sun.awt.SunGraphicsCallback.runComponents(SunGraphicsCallback.java:115)
	at java.awt.Container.paint(Container.java:1967)
	at java.awt.Window.paint(Window.java:3877)
	at javax.swing.RepaintManager$3.run(RepaintManager.java:819)
	at javax.swing.RepaintManager$3.run(RepaintManager.java:796)
	at java.security.AccessController.doPrivileged(Native Method)
	at java.security.ProtectionDomain$1.doIntersectionPrivilege(ProtectionDomain.java:76)
	at javax.swing.RepaintManager.paintDirtyRegions(RepaintManager.java:796)
	at javax.swing.RepaintManager.paintDirtyRegions(RepaintManager.java:769)
	at javax.swing.RepaintManager.prePaintDirtyRegions(RepaintManager.java:718)
	at javax.swing.RepaintManager.access$1100(RepaintManager.java:62)
	at javax.swing.RepaintManager$ProcessingRunnable.run(RepaintManager.java:1677)
	at java.awt.event.InvocationEvent.dispatch(InvocationEvent.java:312)
	at java.awt.EventQueue.dispatchEventImpl(EventQueue.java:745)
	at java.awt.EventQueue.access$300(EventQueue.java:103)
	at java.awt.EventQueue$3.run(EventQueue.java:706)
	at java.awt.EventQueue$3.run(EventQueue.java:704)
	at java.security.AccessController.doPrivileged(Native Method)
	at java.security.ProtectionDomain$1.doIntersectionPrivilege(ProtectionDomain.java:76)
	at java.awt.EventQueue.dispatchEvent(EventQueue.java:715)
	at java.awt.EventDispatchThread.pumpOneEventForFilters(EventDispatchThread.java:242)
	at java.awt.EventDispatchThread.pumpEventsForFilter(EventDispatchThread.java:161)
	at java.awt.EventDispatchThread.pumpEventsForHierarchy(EventDispatchThread.java:150)
	at java.awt.EventDispatchThread.pumpEvents(EventDispatchThread.java:146)
	at java.awt.EventDispatchThread.pumpEvents(EventDispatchThread.java:138)
	at java.awt.EventDispatchThread.run(EventDispatchThread.java:91)
Caused by: net.sf.jasperreports.engine.JRException: Image read failed.
	at net.sf.jasperreports.engine.util.JRJdk14ImageReader.readImage(JRJdk14ImageReader.java:73)
	at net.sf.jasperreports.engine.util.JRImageLoader.loadAwtImageFromBytes(JRImageLoader.java:167)
	at net.sf.jasperreports.engine.JRImageRenderer.getImage(JRImageRenderer.java:407)
	at net.sf.jasperreports.engine.JRImageRenderer.getDimension(JRImageRenderer.java:482)
	at net.sf.jasperreports.engine.RenderableUtil.getOnErrorRendererForDimension(RenderableUtil.java:264)
	at net.sf.jasperreports.engine.export.draw.ImageDrawer.draw(ImageDrawer.java:116)
	at net.sf.jasperreports.engine.export.draw.PrintDrawVisitor.visit(PrintDrawVisitor.java:134)
	... 62 more
2019-09-09 18:54:05 ERROR JRViewer:2110 - Page paint error.
net.sf.jasperreports.engine.JRRuntimeException: net.sf.jasperreports.engine.JRException: Image read failed.
	at net.sf.jasperreports.engine.export.draw.PrintDrawVisitor.visit(PrintDrawVisitor.java:143)
	at net.sf.jasperreports.engine.export.draw.PrintDrawVisitor.visit(PrintDrawVisitor.java:57)
	at net.sf.jasperreports.engine.fill.JRTemplatePrintImage.accept(JRTemplatePrintImage.java:463)
	at net.sf.jasperreports.engine.export.draw.FrameDrawer.draw(FrameDrawer.java:251)
	at net.sf.jasperreports.engine.export.draw.FrameDrawer.draw(FrameDrawer.java:199)
	at net.sf.jasperreports.engine.export.JRGraphics2DExporter.exportPage(JRGraphics2DExporter.java:273)
	at net.sf.jasperreports.engine.export.JRGraphics2DExporter.exportReportToGraphics2D(JRGraphics2DExporter.java:246)
	at net.sf.jasperreports.engine.export.JRGraphics2DExporter.exportReport(JRGraphics2DExporter.java:184)
	at net.sf.jasperreports.view.JRViewer.paintPage(JRViewer.java:2104)
	at net.sf.jasperreports.view.JRViewer$PageRenderer.paintComponent(JRViewer.java:2254)
	at javax.swing.JComponent.paint(JComponent.java:1055)
	at javax.swing.JComponent.paintChildren(JComponent.java:888)
	at javax.swing.JComponent.paint(JComponent.java:1064)
	at javax.swing.JComponent.paintChildren(JComponent.java:888)
	at javax.swing.JComponent.paint(JComponent.java:1064)
	at javax.swing.JComponent.paintChildren(JComponent.java:888)
	at javax.swing.JComponent.paint(JComponent.java:1064)
	at javax.swing.JComponent.paintChildren(JComponent.java:888)
	at javax.swing.JComponent.paint(JComponent.java:1064)
	at javax.swing.JViewport.paint(JViewport.java:731)
	at javax.swing.JComponent.paintChildren(JComponent.java:888)
	at javax.swing.JComponent.paint(JComponent.java:1064)
	at javax.swing.JComponent.paintChildren(JComponent.java:888)
	at javax.swing.JComponent.paint(JComponent.java:1064)
	at javax.swing.JComponent.paintToOffscreen(JComponent.java:5232)
	at javax.swing.RepaintManager$PaintManager.paintDoubleBuffered(RepaintManager.java:1529)
	at javax.swing.RepaintManager$PaintManager.paint(RepaintManager.java:1452)
	at javax.swing.RepaintManager.paint(RepaintManager.java:1249)
	at javax.swing.JComponent._paintImmediately(JComponent.java:5180)
	at javax.swing.JComponent.paintImmediately(JComponent.java:4991)
	at javax.swing.RepaintManager$3.run(RepaintManager.java:808)
	at javax.swing.RepaintManager$3.run(RepaintManager.java:796)
	at java.security.AccessController.doPrivileged(Native Method)
	at java.security.ProtectionDomain$1.doIntersectionPrivilege(ProtectionDomain.java:76)
	at javax.swing.RepaintManager.paintDirtyRegions(RepaintManager.java:796)
	at javax.swing.RepaintManager.paintDirtyRegions(RepaintManager.java:769)
	at javax.swing.RepaintManager.prePaintDirtyRegions(RepaintManager.java:718)
	at javax.swing.RepaintManager.access$1100(RepaintManager.java:62)
	at javax.swing.RepaintManager$ProcessingRunnable.run(RepaintManager.java:1677)
	at java.awt.event.InvocationEvent.dispatch(InvocationEvent.java:312)
	at java.awt.EventQueue.dispatchEventImpl(EventQueue.java:745)
	at java.awt.EventQueue.access$300(EventQueue.java:103)
	at java.awt.EventQueue$3.run(EventQueue.java:706)
	at java.awt.EventQueue$3.run(EventQueue.java:704)
	at java.security.AccessController.doPrivileged(Native Method)
	at java.security.ProtectionDomain$1.doIntersectionPrivilege(ProtectionDomain.java:76)
	at java.awt.EventQueue.dispatchEvent(EventQueue.java:715)
	at java.awt.EventDispatchThread.pumpOneEventForFilters(EventDispatchThread.java:242)
	at java.awt.EventDispatchThread.pumpEventsForFilter(EventDispatchThread.java:161)
	at java.awt.EventDispatchThread.pumpEventsForHierarchy(EventDispatchThread.java:150)
	at java.awt.EventDispatchThread.pumpEvents(EventDispatchThread.java:146)
	at java.awt.EventDispatchThread.pumpEvents(EventDispatchThread.java:138)
	at java.awt.EventDispatchThread.run(EventDispatchThread.java:91)
Caused by: net.sf.jasperreports.engine.JRException: Image read failed.
	at net.sf.jasperreports.engine.util.JRJdk14ImageReader.readImage(JRJdk14ImageReader.java:73)
	at net.sf.jasperreports.engine.util.JRImageLoader.loadAwtImageFromBytes(JRImageLoader.java:167)
	at net.sf.jasperreports.engine.JRImageRenderer.getImage(JRImageRenderer.java:407)
	at net.sf.jasperreports.engine.JRImageRenderer.getDimension(JRImageRenderer.java:482)
	at net.sf.jasperreports.engine.RenderableUtil.getOnErrorRendererForDimension(RenderableUtil.java:264)
	at net.sf.jasperreports.engine.export.draw.ImageDrawer.draw(ImageDrawer.java:116)
	at net.sf.jasperreports.engine.export.draw.PrintDrawVisitor.visit(PrintDrawVisitor.java:134)
	... 52 more
2019-09-09 18:54:26 ERROR JRViewer:2110 - Page paint error.
net.sf.jasperreports.engine.JRRuntimeException: net.sf.jasperreports.engine.JRException: Image read failed.
	at net.sf.jasperreports.engine.export.draw.PrintDrawVisitor.visit(PrintDrawVisitor.java:143)
	at net.sf.jasperreports.engine.export.draw.PrintDrawVisitor.visit(PrintDrawVisitor.java:57)
	at net.sf.jasperreports.engine.fill.JRTemplatePrintImage.accept(JRTemplatePrintImage.java:463)
	at net.sf.jasperreports.engine.export.draw.FrameDrawer.draw(FrameDrawer.java:251)
	at net.sf.jasperreports.engine.export.draw.FrameDrawer.draw(FrameDrawer.java:199)
	at net.sf.jasperreports.engine.export.JRGraphics2DExporter.exportPage(JRGraphics2DExporter.java:273)
	at net.sf.jasperreports.engine.export.JRGraphics2DExporter.exportReportToGraphics2D(JRGraphics2DExporter.java:246)
	at net.sf.jasperreports.engine.export.JRGraphics2DExporter.exportReport(JRGraphics2DExporter.java:184)
	at net.sf.jasperreports.view.JRViewer.paintPage(JRViewer.java:2104)
	at net.sf.jasperreports.view.JRViewer$PageRenderer.paintComponent(JRViewer.java:2254)
	at javax.swing.JComponent.paint(JComponent.java:1055)
	at javax.swing.JComponent.paintChildren(JComponent.java:888)
	at javax.swing.JComponent.paint(JComponent.java:1064)
	at javax.swing.JComponent.paintChildren(JComponent.java:888)
	at javax.swing.JComponent.paint(JComponent.java:1064)
	at javax.swing.JComponent.paintChildren(JComponent.java:888)
	at javax.swing.JComponent.paint(JComponent.java:1064)
	at javax.swing.JComponent.paintChildren(JComponent.java:888)
	at javax.swing.JComponent.paint(JComponent.java:1064)
	at javax.swing.JViewport.paint(JViewport.java:731)
	at javax.swing.JComponent.paintChildren(JComponent.java:888)
	at javax.swing.JComponent.paint(JComponent.java:1064)
	at javax.swing.JComponent.paintChildren(JComponent.java:888)
	at javax.swing.JComponent.paint(JComponent.java:1064)
	at javax.swing.JComponent.paintToOffscreen(JComponent.java:5232)
	at javax.swing.RepaintManager$PaintManager.paintDoubleBuffered(RepaintManager.java:1529)
	at javax.swing.RepaintManager$PaintManager.paint(RepaintManager.java:1452)
	at javax.swing.RepaintManager.paint(RepaintManager.java:1249)
	at javax.swing.JComponent._paintImmediately(JComponent.java:5180)
	at javax.swing.JComponent.paintImmediately(JComponent.java:4991)
	at javax.swing.RepaintManager$3.run(RepaintManager.java:808)
	at javax.swing.RepaintManager$3.run(RepaintManager.java:796)
	at java.security.AccessController.doPrivileged(Native Method)
	at java.security.ProtectionDomain$1.doIntersectionPrivilege(ProtectionDomain.java:76)
	at javax.swing.RepaintManager.paintDirtyRegions(RepaintManager.java:796)
	at javax.swing.RepaintManager.paintDirtyRegions(RepaintManager.java:769)
	at javax.swing.RepaintManager.prePaintDirtyRegions(RepaintManager.java:718)
	at javax.swing.RepaintManager.access$1100(RepaintManager.java:62)
	at javax.swing.RepaintManager$ProcessingRunnable.run(RepaintManager.java:1677)
	at java.awt.event.InvocationEvent.dispatch(InvocationEvent.java:312)
	at java.awt.EventQueue.dispatchEventImpl(EventQueue.java:745)
	at java.awt.EventQueue.access$300(EventQueue.java:103)
	at java.awt.EventQueue$3.run(EventQueue.java:706)
	at java.awt.EventQueue$3.run(EventQueue.java:704)
	at java.security.AccessController.doPrivileged(Native Method)
	at java.security.ProtectionDomain$1.doIntersectionPrivilege(ProtectionDomain.java:76)
	at java.awt.EventQueue.dispatchEvent(EventQueue.java:715)
	at java.awt.EventDispatchThread.pumpOneEventForFilters(EventDispatchThread.java:242)
	at java.awt.EventDispatchThread.pumpEventsForFilter(EventDispatchThread.java:161)
	at java.awt.EventDispatchThread.pumpEventsForHierarchy(EventDispatchThread.java:150)
	at java.awt.EventDispatchThread.pumpEvents(EventDispatchThread.java:146)
	at java.awt.EventDispatchThread.pumpEvents(EventDispatchThread.java:138)
	at java.awt.EventDispatchThread.run(EventDispatchThread.java:91)
Caused by: net.sf.jasperreports.engine.JRException: Image read failed.
	at net.sf.jasperreports.engine.util.JRJdk14ImageReader.readImage(JRJdk14ImageReader.java:73)
	at net.sf.jasperreports.engine.util.JRImageLoader.loadAwtImageFromBytes(JRImageLoader.java:167)
	at net.sf.jasperreports.engine.JRImageRenderer.getImage(JRImageRenderer.java:407)
	at net.sf.jasperreports.engine.JRImageRenderer.getDimension(JRImageRenderer.java:482)
	at net.sf.jasperreports.engine.RenderableUtil.getOnErrorRendererForDimension(RenderableUtil.java:264)
	at net.sf.jasperreports.engine.export.draw.ImageDrawer.draw(ImageDrawer.java:116)
	at net.sf.jasperreports.engine.export.draw.PrintDrawVisitor.visit(PrintDrawVisitor.java:134)
	... 52 more
2019-09-09 19:03:11 ERROR JRViewer:2110 - Page paint error.
net.sf.jasperreports.engine.JRRuntimeException: net.sf.jasperreports.engine.JRException: Image read failed.
	at net.sf.jasperreports.engine.export.draw.PrintDrawVisitor.visit(PrintDrawVisitor.java:143)
	at net.sf.jasperreports.engine.export.draw.PrintDrawVisitor.visit(PrintDrawVisitor.java:57)
	at net.sf.jasperreports.engine.fill.JRTemplatePrintImage.accept(JRTemplatePrintImage.java:463)
	at net.sf.jasperreports.engine.export.draw.FrameDrawer.draw(FrameDrawer.java:251)
	at net.sf.jasperreports.engine.export.draw.FrameDrawer.draw(FrameDrawer.java:199)
	at net.sf.jasperreports.engine.export.JRGraphics2DExporter.exportPage(JRGraphics2DExporter.java:273)
	at net.sf.jasperreports.engine.export.JRGraphics2DExporter.exportReportToGraphics2D(JRGraphics2DExporter.java:246)
	at net.sf.jasperreports.engine.export.JRGraphics2DExporter.exportReport(JRGraphics2DExporter.java:184)
	at net.sf.jasperreports.view.JRViewer.paintPage(JRViewer.java:2104)
	at net.sf.jasperreports.view.JRViewer$PageRenderer.paintComponent(JRViewer.java:2254)
	at javax.swing.JComponent.paint(JComponent.java:1055)
	at javax.swing.JComponent.paintChildren(JComponent.java:888)
	at javax.swing.JComponent.paint(JComponent.java:1064)
	at javax.swing.JComponent.paintChildren(JComponent.java:888)
	at javax.swing.JComponent.paint(JComponent.java:1064)
	at javax.swing.JComponent.paintChildren(JComponent.java:888)
	at javax.swing.JComponent.paint(JComponent.java:1064)
	at javax.swing.JComponent.paintChildren(JComponent.java:888)
	at javax.swing.JComponent.paint(JComponent.java:1064)
	at javax.swing.JViewport.paint(JViewport.java:731)
	at javax.swing.JComponent.paintChildren(JComponent.java:888)
	at javax.swing.JComponent.paint(JComponent.java:1064)
	at javax.swing.JComponent.paintChildren(JComponent.java:888)
	at javax.swing.JComponent.paint(JComponent.java:1064)
	at javax.swing.JComponent.paintChildren(JComponent.java:888)
	at javax.swing.JComponent.paint(JComponent.java:1064)
	at javax.swing.JComponent.paintChildren(JComponent.java:888)
	at javax.swing.JComponent.paint(JComponent.java:1064)
	at javax.swing.JLayeredPane.paint(JLayeredPane.java:585)
	at javax.swing.JComponent.paintChildren(JComponent.java:888)
	at javax.swing.JComponent.paintToOffscreen(JComponent.java:5239)
	at javax.swing.RepaintManager$PaintManager.paintDoubleBuffered(RepaintManager.java:1529)
	at javax.swing.RepaintManager$PaintManager.paint(RepaintManager.java:1452)
	at javax.swing.RepaintManager.paint(RepaintManager.java:1249)
	at javax.swing.JComponent.paint(JComponent.java:1041)
	at java.awt.GraphicsCallback$PaintCallback.run(GraphicsCallback.java:39)
	at sun.awt.SunGraphicsCallback.runOneComponent(SunGraphicsCallback.java:78)
	at sun.awt.SunGraphicsCallback.runComponents(SunGraphicsCallback.java:115)
	at java.awt.Container.paint(Container.java:1967)
	at java.awt.Window.paint(Window.java:3877)
	at javax.swing.RepaintManager$3.run(RepaintManager.java:819)
	at javax.swing.RepaintManager$3.run(RepaintManager.java:796)
	at java.security.AccessController.doPrivileged(Native Method)
	at java.security.ProtectionDomain$1.doIntersectionPrivilege(ProtectionDomain.java:76)
	at javax.swing.RepaintManager.paintDirtyRegions(RepaintManager.java:796)
	at javax.swing.RepaintManager.paintDirtyRegions(RepaintManager.java:769)
	at javax.swing.RepaintManager.prePaintDirtyRegions(RepaintManager.java:718)
	at javax.swing.RepaintManager.access$1100(RepaintManager.java:62)
	at javax.swing.RepaintManager$ProcessingRunnable.run(RepaintManager.java:1677)
	at java.awt.event.InvocationEvent.dispatch(InvocationEvent.java:312)
	at java.awt.EventQueue.dispatchEventImpl(EventQueue.java:745)
	at java.awt.EventQueue.access$300(EventQueue.java:103)
	at java.awt.EventQueue$3.run(EventQueue.java:706)
	at java.awt.EventQueue$3.run(EventQueue.java:704)
	at java.security.AccessController.doPrivileged(Native Method)
	at java.security.ProtectionDomain$1.doIntersectionPrivilege(ProtectionDomain.java:76)
	at java.awt.EventQueue.dispatchEvent(EventQueue.java:715)
	at java.awt.EventDispatchThread.pumpOneEventForFilters(EventDispatchThread.java:242)
	at java.awt.EventDispatchThread.pumpEventsForFilter(EventDispatchThread.java:161)
	at java.awt.EventDispatchThread.pumpEventsForHierarchy(EventDispatchThread.java:150)
	at java.awt.EventDispatchThread.pumpEvents(EventDispatchThread.java:146)
	at java.awt.EventDispatchThread.pumpEvents(EventDispatchThread.java:138)
	at java.awt.EventDispatchThread.run(EventDispatchThread.java:91)
Caused by: net.sf.jasperreports.engine.JRException: Image read failed.
	at net.sf.jasperreports.engine.util.JRJdk14ImageReader.readImage(JRJdk14ImageReader.java:73)
	at net.sf.jasperreports.engine.util.JRImageLoader.loadAwtImageFromBytes(JRImageLoader.java:167)
	at net.sf.jasperreports.engine.JRImageRenderer.getImage(JRImageRenderer.java:407)
	at net.sf.jasperreports.engine.JRImageRenderer.getDimension(JRImageRenderer.java:482)
	at net.sf.jasperreports.engine.RenderableUtil.getOnErrorRendererForDimension(RenderableUtil.java:264)
	at net.sf.jasperreports.engine.export.draw.ImageDrawer.draw(ImageDrawer.java:116)
	at net.sf.jasperreports.engine.export.draw.PrintDrawVisitor.visit(PrintDrawVisitor.java:134)
	... 62 more
2019-09-09 19:07:06 ERROR JRViewer:2110 - Page paint error.
net.sf.jasperreports.engine.JRRuntimeException: net.sf.jasperreports.engine.JRException: Image read failed.
	at net.sf.jasperreports.engine.export.draw.PrintDrawVisitor.visit(PrintDrawVisitor.java:143)
	at net.sf.jasperreports.engine.export.draw.PrintDrawVisitor.visit(PrintDrawVisitor.java:57)
	at net.sf.jasperreports.engine.fill.JRTemplatePrintImage.accept(JRTemplatePrintImage.java:463)
	at net.sf.jasperreports.engine.export.draw.FrameDrawer.draw(FrameDrawer.java:251)
	at net.sf.jasperreports.engine.export.draw.FrameDrawer.draw(FrameDrawer.java:199)
	at net.sf.jasperreports.engine.export.JRGraphics2DExporter.exportPage(JRGraphics2DExporter.java:273)
	at net.sf.jasperreports.engine.export.JRGraphics2DExporter.exportReportToGraphics2D(JRGraphics2DExporter.java:246)
	at net.sf.jasperreports.engine.export.JRGraphics2DExporter.exportReport(JRGraphics2DExporter.java:184)
	at net.sf.jasperreports.view.JRViewer.paintPage(JRViewer.java:2104)
	at net.sf.jasperreports.view.JRViewer$PageRenderer.paintComponent(JRViewer.java:2254)
	at javax.swing.JComponent.paint(JComponent.java:1055)
	at javax.swing.JComponent.paintChildren(JComponent.java:888)
	at javax.swing.JComponent.paint(JComponent.java:1064)
	at javax.swing.JComponent.paintChildren(JComponent.java:888)
	at javax.swing.JComponent.paint(JComponent.java:1064)
	at javax.swing.JComponent.paintChildren(JComponent.java:888)
	at javax.swing.JComponent.paint(JComponent.java:1064)
	at javax.swing.JComponent.paintChildren(JComponent.java:888)
	at javax.swing.JComponent.paint(JComponent.java:1064)
	at javax.swing.JViewport.paint(JViewport.java:731)
	at javax.swing.JComponent.paintChildren(JComponent.java:888)
	at javax.swing.JComponent.paint(JComponent.java:1064)
	at javax.swing.JComponent.paintChildren(JComponent.java:888)
	at javax.swing.JComponent.paint(JComponent.java:1064)
	at javax.swing.JComponent.paintChildren(JComponent.java:888)
	at javax.swing.JComponent.paint(JComponent.java:1064)
	at javax.swing.JComponent.paintChildren(JComponent.java:888)
	at javax.swing.JComponent.paint(JComponent.java:1064)
	at javax.swing.JLayeredPane.paint(JLayeredPane.java:585)
	at javax.swing.JComponent.paintChildren(JComponent.java:888)
	at javax.swing.JComponent.paintToOffscreen(JComponent.java:5239)
	at javax.swing.RepaintManager$PaintManager.paintDoubleBuffered(RepaintManager.java:1529)
	at javax.swing.RepaintManager$PaintManager.paint(RepaintManager.java:1452)
	at javax.swing.RepaintManager.paint(RepaintManager.java:1249)
	at javax.swing.JComponent.paint(JComponent.java:1041)
	at java.awt.GraphicsCallback$PaintCallback.run(GraphicsCallback.java:39)
	at sun.awt.SunGraphicsCallback.runOneComponent(SunGraphicsCallback.java:78)
	at sun.awt.SunGraphicsCallback.runComponents(SunGraphicsCallback.java:115)
	at java.awt.Container.paint(Container.java:1967)
	at java.awt.Window.paint(Window.java:3877)
	at javax.swing.RepaintManager$3.run(RepaintManager.java:819)
	at javax.swing.RepaintManager$3.run(RepaintManager.java:796)
	at java.security.AccessController.doPrivileged(Native Method)
	at java.security.ProtectionDomain$1.doIntersectionPrivilege(ProtectionDomain.java:76)
	at javax.swing.RepaintManager.paintDirtyRegions(RepaintManager.java:796)
	at javax.swing.RepaintManager.paintDirtyRegions(RepaintManager.java:769)
	at javax.swing.RepaintManager.prePaintDirtyRegions(RepaintManager.java:718)
	at javax.swing.RepaintManager.access$1100(RepaintManager.java:62)
	at javax.swing.RepaintManager$ProcessingRunnable.run(RepaintManager.java:1677)
	at java.awt.event.InvocationEvent.dispatch(InvocationEvent.java:312)
	at java.awt.EventQueue.dispatchEventImpl(EventQueue.java:745)
	at java.awt.EventQueue.access$300(EventQueue.java:103)
	at java.awt.EventQueue$3.run(EventQueue.java:706)
	at java.awt.EventQueue$3.run(EventQueue.java:704)
	at java.security.AccessController.doPrivileged(Native Method)
	at java.security.ProtectionDomain$1.doIntersectionPrivilege(ProtectionDomain.java:76)
	at java.awt.EventQueue.dispatchEvent(EventQueue.java:715)
	at java.awt.EventDispatchThread.pumpOneEventForFilters(EventDispatchThread.java:242)
	at java.awt.EventDispatchThread.pumpEventsForFilter(EventDispatchThread.java:161)
	at java.awt.EventDispatchThread.pumpEventsForHierarchy(EventDispatchThread.java:150)
	at java.awt.EventDispatchThread.pumpEvents(EventDispatchThread.java:146)
	at java.awt.EventDispatchThread.pumpEvents(EventDispatchThread.java:138)
	at java.awt.EventDispatchThread.run(EventDispatchThread.java:91)
Caused by: net.sf.jasperreports.engine.JRException: Image read failed.
	at net.sf.jasperreports.engine.util.JRJdk14ImageReader.readImage(JRJdk14ImageReader.java:73)
	at net.sf.jasperreports.engine.util.JRImageLoader.loadAwtImageFromBytes(JRImageLoader.java:167)
	at net.sf.jasperreports.engine.JRImageRenderer.getImage(JRImageRenderer.java:407)
	at net.sf.jasperreports.engine.JRImageRenderer.getDimension(JRImageRenderer.java:482)
	at net.sf.jasperreports.engine.RenderableUtil.getOnErrorRendererForDimension(RenderableUtil.java:264)
	at net.sf.jasperreports.engine.export.draw.ImageDrawer.draw(ImageDrawer.java:116)
	at net.sf.jasperreports.engine.export.draw.PrintDrawVisitor.visit(PrintDrawVisitor.java:134)
	... 62 more
2019-09-09 19:07:07 ERROR JRViewer:2110 - Page paint error.
net.sf.jasperreports.engine.JRRuntimeException: net.sf.jasperreports.engine.JRException: Image read failed.
	at net.sf.jasperreports.engine.export.draw.PrintDrawVisitor.visit(PrintDrawVisitor.java:143)
	at net.sf.jasperreports.engine.export.draw.PrintDrawVisitor.visit(PrintDrawVisitor.java:57)
	at net.sf.jasperreports.engine.fill.JRTemplatePrintImage.accept(JRTemplatePrintImage.java:463)
	at net.sf.jasperreports.engine.export.draw.FrameDrawer.draw(FrameDrawer.java:251)
	at net.sf.jasperreports.engine.export.draw.FrameDrawer.draw(FrameDrawer.java:199)
	at net.sf.jasperreports.engine.export.JRGraphics2DExporter.exportPage(JRGraphics2DExporter.java:273)
	at net.sf.jasperreports.engine.export.JRGraphics2DExporter.exportReportToGraphics2D(JRGraphics2DExporter.java:246)
	at net.sf.jasperreports.engine.export.JRGraphics2DExporter.exportReport(JRGraphics2DExporter.java:184)
	at net.sf.jasperreports.view.JRViewer.paintPage(JRViewer.java:2104)
	at net.sf.jasperreports.view.JRViewer$PageRenderer.paintComponent(JRViewer.java:2254)
	at javax.swing.JComponent.paint(JComponent.java:1055)
	at javax.swing.JComponent.paintChildren(JComponent.java:888)
	at javax.swing.JComponent.paint(JComponent.java:1064)
	at javax.swing.JComponent.paintChildren(JComponent.java:888)
	at javax.swing.JComponent.paint(JComponent.java:1064)
	at javax.swing.JComponent.paintChildren(JComponent.java:888)
	at javax.swing.JComponent.paint(JComponent.java:1064)
	at javax.swing.JComponent.paintChildren(JComponent.java:888)
	at javax.swing.JComponent.paint(JComponent.java:1064)
	at javax.swing.JViewport.paint(JViewport.java:731)
	at javax.swing.JComponent.paintChildren(JComponent.java:888)
	at javax.swing.JComponent.paint(JComponent.java:1064)
	at javax.swing.JComponent.paintChildren(JComponent.java:888)
	at javax.swing.JComponent.paint(JComponent.java:1064)
	at javax.swing.JComponent.paintChildren(JComponent.java:888)
	at javax.swing.JComponent.paint(JComponent.java:1064)
	at javax.swing.JComponent.paintChildren(JComponent.java:888)
	at javax.swing.JComponent.paint(JComponent.java:1064)
	at javax.swing.JLayeredPane.paint(JLayeredPane.java:585)
	at javax.swing.JComponent.paintChildren(JComponent.java:888)
	at javax.swing.JComponent.paintToOffscreen(JComponent.java:5239)
	at javax.swing.RepaintManager$PaintManager.paintDoubleBuffered(RepaintManager.java:1529)
	at javax.swing.RepaintManager$PaintManager.paint(RepaintManager.java:1452)
	at javax.swing.RepaintManager.paint(RepaintManager.java:1249)
	at javax.swing.JComponent.paint(JComponent.java:1041)
	at java.awt.GraphicsCallback$PaintCallback.run(GraphicsCallback.java:39)
	at sun.awt.SunGraphicsCallback.runOneComponent(SunGraphicsCallback.java:78)
	at sun.awt.SunGraphicsCallback.runComponents(SunGraphicsCallback.java:115)
	at java.awt.Container.paint(Container.java:1967)
	at java.awt.Window.paint(Window.java:3877)
	at javax.swing.RepaintManager$3.run(RepaintManager.java:819)
	at javax.swing.RepaintManager$3.run(RepaintManager.java:796)
	at java.security.AccessController.doPrivileged(Native Method)
	at java.security.ProtectionDomain$1.doIntersectionPrivilege(ProtectionDomain.java:76)
	at javax.swing.RepaintManager.paintDirtyRegions(RepaintManager.java:796)
	at javax.swing.RepaintManager.paintDirtyRegions(RepaintManager.java:769)
	at javax.swing.RepaintManager.prePaintDirtyRegions(RepaintManager.java:718)
	at javax.swing.RepaintManager.access$1100(RepaintManager.java:62)
	at javax.swing.RepaintManager$ProcessingRunnable.run(RepaintManager.java:1677)
	at java.awt.event.InvocationEvent.dispatch(InvocationEvent.java:312)
	at java.awt.EventQueue.dispatchEventImpl(EventQueue.java:745)
	at java.awt.EventQueue.access$300(EventQueue.java:103)
	at java.awt.EventQueue$3.run(EventQueue.java:706)
	at java.awt.EventQueue$3.run(EventQueue.java:704)
	at java.security.AccessController.doPrivileged(Native Method)
	at java.security.ProtectionDomain$1.doIntersectionPrivilege(ProtectionDomain.java:76)
	at java.awt.EventQueue.dispatchEvent(EventQueue.java:715)
	at java.awt.EventDispatchThread.pumpOneEventForFilters(EventDispatchThread.java:242)
	at java.awt.EventDispatchThread.pumpEventsForFilter(EventDispatchThread.java:161)
	at java.awt.EventDispatchThread.pumpEventsForHierarchy(EventDispatchThread.java:150)
	at java.awt.EventDispatchThread.pumpEvents(EventDispatchThread.java:146)
	at java.awt.EventDispatchThread.pumpEvents(EventDispatchThread.java:138)
	at java.awt.EventDispatchThread.run(EventDispatchThread.java:91)
Caused by: net.sf.jasperreports.engine.JRException: Image read failed.
	at net.sf.jasperreports.engine.util.JRJdk14ImageReader.readImage(JRJdk14ImageReader.java:73)
	at net.sf.jasperreports.engine.util.JRImageLoader.loadAwtImageFromBytes(JRImageLoader.java:167)
	at net.sf.jasperreports.engine.JRImageRenderer.getImage(JRImageRenderer.java:407)
	at net.sf.jasperreports.engine.JRImageRenderer.getDimension(JRImageRenderer.java:482)
	at net.sf.jasperreports.engine.RenderableUtil.getOnErrorRendererForDimension(RenderableUtil.java:264)
	at net.sf.jasperreports.engine.export.draw.ImageDrawer.draw(ImageDrawer.java:116)
	at net.sf.jasperreports.engine.export.draw.PrintDrawVisitor.visit(PrintDrawVisitor.java:134)
	... 62 more
2019-09-09 19:07:16 ERROR JRViewer:2110 - Page paint error.
net.sf.jasperreports.engine.JRRuntimeException: net.sf.jasperreports.engine.JRException: Image read failed.
	at net.sf.jasperreports.engine.export.draw.PrintDrawVisitor.visit(PrintDrawVisitor.java:143)
	at net.sf.jasperreports.engine.export.draw.PrintDrawVisitor.visit(PrintDrawVisitor.java:57)
	at net.sf.jasperreports.engine.fill.JRTemplatePrintImage.accept(JRTemplatePrintImage.java:463)
	at net.sf.jasperreports.engine.export.draw.FrameDrawer.draw(FrameDrawer.java:251)
	at net.sf.jasperreports.engine.export.draw.FrameDrawer.draw(FrameDrawer.java:199)
	at net.sf.jasperreports.engine.export.JRGraphics2DExporter.exportPage(JRGraphics2DExporter.java:273)
	at net.sf.jasperreports.engine.export.JRGraphics2DExporter.exportReportToGraphics2D(JRGraphics2DExporter.java:246)
	at net.sf.jasperreports.engine.export.JRGraphics2DExporter.exportReport(JRGraphics2DExporter.java:184)
	at net.sf.jasperreports.view.JRViewer.paintPage(JRViewer.java:2104)
	at net.sf.jasperreports.view.JRViewer$PageRenderer.paintComponent(JRViewer.java:2254)
	at javax.swing.JComponent.paint(JComponent.java:1055)
	at javax.swing.JComponent.paintChildren(JComponent.java:888)
	at javax.swing.JComponent.paint(JComponent.java:1064)
	at javax.swing.JComponent.paintChildren(JComponent.java:888)
	at javax.swing.JComponent.paint(JComponent.java:1064)
	at javax.swing.JComponent.paintChildren(JComponent.java:888)
	at javax.swing.JComponent.paint(JComponent.java:1064)
	at javax.swing.JComponent.paintChildren(JComponent.java:888)
	at javax.swing.JComponent.paint(JComponent.java:1064)
	at javax.swing.JViewport.paint(JViewport.java:731)
	at javax.swing.JComponent.paintChildren(JComponent.java:888)
	at javax.swing.JComponent.paint(JComponent.java:1064)
	at javax.swing.JComponent.paintChildren(JComponent.java:888)
	at javax.swing.JComponent.paint(JComponent.java:1064)
	at javax.swing.JComponent.paintToOffscreen(JComponent.java:5232)
	at javax.swing.RepaintManager$PaintManager.paintDoubleBuffered(RepaintManager.java:1529)
	at javax.swing.RepaintManager$PaintManager.paint(RepaintManager.java:1452)
	at javax.swing.RepaintManager.paint(RepaintManager.java:1249)
	at javax.swing.JComponent._paintImmediately(JComponent.java:5180)
	at javax.swing.JComponent.paintImmediately(JComponent.java:4991)
	at javax.swing.RepaintManager$3.run(RepaintManager.java:808)
	at javax.swing.RepaintManager$3.run(RepaintManager.java:796)
	at java.security.AccessController.doPrivileged(Native Method)
	at java.security.ProtectionDomain$1.doIntersectionPrivilege(ProtectionDomain.java:76)
	at javax.swing.RepaintManager.paintDirtyRegions(RepaintManager.java:796)
	at javax.swing.RepaintManager.paintDirtyRegions(RepaintManager.java:769)
	at javax.swing.RepaintManager.prePaintDirtyRegions(RepaintManager.java:718)
	at javax.swing.RepaintManager.access$1100(RepaintManager.java:62)
	at javax.swing.RepaintManager$ProcessingRunnable.run(RepaintManager.java:1677)
	at java.awt.event.InvocationEvent.dispatch(InvocationEvent.java:312)
	at java.awt.EventQueue.dispatchEventImpl(EventQueue.java:745)
	at java.awt.EventQueue.access$300(EventQueue.java:103)
	at java.awt.EventQueue$3.run(EventQueue.java:706)
	at java.awt.EventQueue$3.run(EventQueue.java:704)
	at java.security.AccessController.doPrivileged(Native Method)
	at java.security.ProtectionDomain$1.doIntersectionPrivilege(ProtectionDomain.java:76)
	at java.awt.EventQueue.dispatchEvent(EventQueue.java:715)
	at java.awt.EventDispatchThread.pumpOneEventForFilters(EventDispatchThread.java:242)
	at java.awt.EventDispatchThread.pumpEventsForFilter(EventDispatchThread.java:161)
	at java.awt.EventDispatchThread.pumpEventsForHierarchy(EventDispatchThread.java:150)
	at java.awt.EventDispatchThread.pumpEvents(EventDispatchThread.java:146)
	at java.awt.EventDispatchThread.pumpEvents(EventDispatchThread.java:138)
	at java.awt.EventDispatchThread.run(EventDispatchThread.java:91)
Caused by: net.sf.jasperreports.engine.JRException: Image read failed.
	at net.sf.jasperreports.engine.util.JRJdk14ImageReader.readImage(JRJdk14ImageReader.java:73)
	at net.sf.jasperreports.engine.util.JRImageLoader.loadAwtImageFromBytes(JRImageLoader.java:167)
	at net.sf.jasperreports.engine.JRImageRenderer.getImage(JRImageRenderer.java:407)
	at net.sf.jasperreports.engine.JRImageRenderer.getDimension(JRImageRenderer.java:482)
	at net.sf.jasperreports.engine.RenderableUtil.getOnErrorRendererForDimension(RenderableUtil.java:264)
	at net.sf.jasperreports.engine.export.draw.ImageDrawer.draw(ImageDrawer.java:116)
	at net.sf.jasperreports.engine.export.draw.PrintDrawVisitor.visit(PrintDrawVisitor.java:134)
	... 52 more
